This is pdfTeX, Version 3.14159265-2.6-1.40.17 (TeX Live 2016) (preloaded format=pdflatex 2017.5.10)  5 AUG 2019 12:32
entering extended mode
 restricted \write18 enabled.
 %&-line parsing enabled.
**/Users/xqq/Documents/work/dissertation/long/thesis-ex.tex
(/Users/xqq/Documents/work/dissertation/long/thesis-ex.tex
LaTeX2e <2017/01/01> patch level 3
Babel <3.9r> and hyphenation patterns for 83 language(s) loaded.
(/Users/xqq/Documents/work/dissertation/long/uiucthesis2014.cls
Document Class: uiucthesis2014 2014/05/02\ v2.25b\ UIUC Thesis (PJC)
(/usr/local/texlive/2016/texmf-dist/tex/latex/setspace/setspace.sty
Package: setspace 2011/12/19 v6.7a set line spacing
) (/usr/local/texlive/2016/texmf-dist/tex/latex/base/book.cls
Document Class: book 2014/09/29 v1.4h Standard LaTeX document class
(/usr/local/texlive/2016/texmf-dist/tex/latex/base/bk10.clo
File: bk10.clo 2014/09/29 v1.4h Standard LaTeX file (size option)
)
\c@part=\count79
\c@chapter=\count80
\c@section=\count81
\c@subsection=\count82
\c@subsubsection=\count83
\c@paragraph=\count84
\c@subparagraph=\count85
\c@figure=\count86
\c@table=\count87
\abovecaptionskip=\skip41
\belowcaptionskip=\skip42
\bibindent=\dimen102
)
\thesis@chapskip=\skip43
\chaptertitleheight=\skip44
) (/usr/local/texlive/2016/texmf-dist/tex/latex/url/url.sty
\Urlmuskip=\muskip10
Package: url 2013/09/16  ver 3.4  Verb mode for urls, etc.
) (/usr/local/texlive/2016/texmf-dist/tex/latex/graphics/graphicx.sty
Package: graphicx 2014/10/28 v1.0g Enhanced LaTeX Graphics (DPC,SPQR)
(/usr/local/texlive/2016/texmf-dist/tex/latex/graphics/keyval.sty
Package: keyval 2014/10/28 v1.15 key=value parser (DPC)
\KV@toks@=\toks14
) (/usr/local/texlive/2016/texmf-dist/tex/latex/graphics/graphics.sty
Package: graphics 2016/10/09 v1.0u Standard LaTeX Graphics (DPC,SPQR)
(/usr/local/texlive/2016/texmf-dist/tex/latex/graphics/trig.sty
Package: trig 2016/01/03 v1.10 sin cos tan (DPC)
) (/usr/local/texlive/2016/texmf-dist/tex/latex/graphics-cfg/graphics.cfg
File: graphics.cfg 2016/06/04 v1.11 sample graphics configuration
)
Package graphics Info: Driver file: pdftex.def on input line 99.
(/usr/local/texlive/2016/texmf-dist/tex/latex/graphics-def/pdftex.def
File: pdftex.def 2017/01/12 v0.06k Graphics/color for pdfTeX
(/usr/local/texlive/2016/texmf-dist/tex/generic/oberdiek/infwarerr.sty
Package: infwarerr 2016/05/16 v1.4 Providing info/warning/error messages (HO)
) (/usr/local/texlive/2016/texmf-dist/tex/generic/oberdiek/ltxcmds.sty
Package: ltxcmds 2016/05/16 v1.23 LaTeX kernel commands for general use (HO)
)
\Gread@gobject=\count88
))
\Gin@req@height=\dimen103
\Gin@req@width=\dimen104
) (/usr/local/texlive/2016/texmf-dist/tex/latex/mathtools/mathtools.sty
Package: mathtools 2015/11/12 v1.18 mathematical typesetting tools
(/usr/local/texlive/2016/texmf-dist/tex/latex/tools/calc.sty
Package: calc 2014/10/28 v4.3 Infix arithmetic (KKT,FJ)
\calc@Acount=\count89
\calc@Bcount=\count90
\calc@Adimen=\dimen105
\calc@Bdimen=\dimen106
\calc@Askip=\skip45
\calc@Bskip=\skip46
LaTeX Info: Redefining \setlength on input line 80.
LaTeX Info: Redefining \addtolength on input line 81.
\calc@Ccount=\count91
\calc@Cskip=\skip47
) (/usr/local/texlive/2016/texmf-dist/tex/latex/mathtools/mhsetup.sty
Package: mhsetup 2010/01/21 v1.2a programming setup (MH)
) (/usr/local/texlive/2016/texmf-dist/tex/latex/amsmath/amsmath.sty
Package: amsmath 2016/11/05 v2.16a AMS math features
\@mathmargin=\skip48
For additional information on amsmath, use the `?' option.
(/usr/local/texlive/2016/texmf-dist/tex/latex/amsmath/amstext.sty
Package: amstext 2000/06/29 v2.01 AMS text
(/usr/local/texlive/2016/texmf-dist/tex/latex/amsmath/amsgen.sty
File: amsgen.sty 1999/11/30 v2.0 generic functions
\@emptytoks=\toks15
\ex@=\dimen107
)) (/usr/local/texlive/2016/texmf-dist/tex/latex/amsmath/amsbsy.sty
Package: amsbsy 1999/11/29 v1.2d Bold Symbols
\pmbraise@=\dimen108
) (/usr/local/texlive/2016/texmf-dist/tex/latex/amsmath/amsopn.sty
Package: amsopn 2016/03/08 v2.02 operator names
)
\inf@bad=\count92
LaTeX Info: Redefining \frac on input line 213.
\uproot@=\count93
\leftroot@=\count94
LaTeX Info: Redefining \overline on input line 375.
\classnum@=\count95
\DOTSCASE@=\count96
LaTeX Info: Redefining \ldots on input line 472.
LaTeX Info: Redefining \dots on input line 475.
LaTeX Info: Redefining \cdots on input line 596.
\Mathstrutbox@=\box26
\strutbox@=\box27
\big@size=\dimen109
LaTeX Font Info:    Redeclaring font encoding OML on input line 712.
LaTeX Font Info:    Redeclaring font encoding OMS on input line 713.
\macc@depth=\count97
\c@MaxMatrixCols=\count98
\dotsspace@=\muskip11
\c@parentequation=\count99
\dspbrk@lvl=\count100
\tag@help=\toks16
\row@=\count101
\column@=\count102
\maxfields@=\count103
\andhelp@=\toks17
\eqnshift@=\dimen110
\alignsep@=\dimen111
\tagshift@=\dimen112
\tagwidth@=\dimen113
\totwidth@=\dimen114
\lineht@=\dimen115
\@envbody=\toks18
\multlinegap=\skip49
\multlinetaggap=\skip50
\mathdisplay@stack=\toks19
LaTeX Info: Redefining \[ on input line 2817.
LaTeX Info: Redefining \] on input line 2818.
)
LaTeX Info: Thecontrolsequence`\('isalreadyrobust on input line 129.
LaTeX Info: Thecontrolsequence`\)'isalreadyrobust on input line 129.
LaTeX Info: Thecontrolsequence`\['isalreadyrobust on input line 129.
LaTeX Info: Thecontrolsequence`\]'isalreadyrobust on input line 129.
\g_MT_multlinerow_int=\count104
\l_MT_multwidth_dim=\dimen116
\origjot=\skip51
\l_MT_shortvdotswithinadjustabove_dim=\dimen117
\l_MT_shortvdotswithinadjustbelow_dim=\dimen118
\l_MT_above_intertext_sep=\dimen119
\l_MT_below_intertext_sep=\dimen120
\l_MT_above_shortintertext_sep=\dimen121
\l_MT_below_shortintertext_sep=\dimen122
) (/usr/local/texlive/2016/texmf-dist/tex/latex/cite/cite.sty
LaTeX Info: Redefining \cite on input line 302.
LaTeX Info: Redefining \nocite on input line 332.
Package: cite 2015/02/27  v 5.5
) (/usr/local/texlive/2016/texmf-dist/tex/latex/amsfonts/amssymb.sty
Package: amssymb 2013/01/14 v3.01 AMS font symbols
(/usr/local/texlive/2016/texmf-dist/tex/latex/amsfonts/amsfonts.sty
Package: amsfonts 2013/01/14 v3.01 Basic AMSFonts support
\symAMSa=\mathgroup4
\symAMSb=\mathgroup5
LaTeX Font Info:    Overwriting math alphabet `\mathfrak' in version `bold'
(Font)                  U/euf/m/n --> U/euf/b/n on input line 106.
)) (/usr/local/texlive/2016/texmf-dist/tex/latex/algorithms/algorithmic.sty
Package: algorithmic 2009/08/24 v0.1 Document Style `algorithmic'
(/usr/local/texlive/2016/texmf-dist/tex/latex/base/ifthen.sty
Package: ifthen 2014/09/29 v1.1c Standard LaTeX ifthen package (DPC)
)
\c@ALC@unique=\count105
\c@ALC@line=\count106
\c@ALC@rem=\count107
\c@ALC@depth=\count108
\ALC@tlm=\skip52
\algorithmicindent=\skip53
) (/usr/local/texlive/2016/texmf-dist/tex/latex/hyperref/hyperref.sty
Package: hyperref 2017/03/14 v6.85a Hypertext links for LaTeX
(/usr/local/texlive/2016/texmf-dist/tex/generic/oberdiek/hobsub-hyperref.sty
Package: hobsub-hyperref 2016/05/16 v1.14 Bundle oberdiek, subset hyperref (HO)

(/usr/local/texlive/2016/texmf-dist/tex/generic/oberdiek/hobsub-generic.sty
Package: hobsub-generic 2016/05/16 v1.14 Bundle oberdiek, subset generic (HO)
Package: hobsub 2016/05/16 v1.14 Construct package bundles (HO)
Package hobsub Info: Skipping package `infwarerr' (already loaded).
Package hobsub Info: Skipping package `ltxcmds' (already loaded).
Package: ifluatex 2016/05/16 v1.4 Provides the ifluatex switch (HO)
Package ifluatex Info: LuaTeX not detected.
Package: ifvtex 2016/05/16 v1.6 Detect VTeX and its facilities (HO)
Package ifvtex Info: VTeX not detected.
Package: intcalc 2016/05/16 v1.2 Expandable calculations with integers (HO)
Package: ifpdf 2017/03/15 v3.2 Provides the ifpdf switch
Package: etexcmds 2016/05/16 v1.6 Avoid name clashes with e-TeX commands (HO)
Package etexcmds Info: Could not find \expanded.
(etexcmds)             That can mean that you are not using pdfTeX 1.50 or
(etexcmds)             that some package has redefined \expanded.
(etexcmds)             In the latter case, load this package earlier.
Package: kvsetkeys 2016/05/16 v1.17 Key value parser (HO)
Package: kvdefinekeys 2016/05/16 v1.4 Define keys (HO)
Package: pdftexcmds 2017/03/19 v0.25 Utility functions of pdfTeX for LuaTeX (HO
)
Package pdftexcmds Info: LuaTeX not detected.
Package pdftexcmds Info: \pdf@primitive is available.
Package pdftexcmds Info: \pdf@ifprimitive is available.
Package pdftexcmds Info: \pdfdraftmode found.
Package: pdfescape 2016/05/16 v1.14 Implements pdfTeX's escape features (HO)
Package: bigintcalc 2016/05/16 v1.4 Expandable calculations on big integers (HO
)
Package: bitset 2016/05/16 v1.2 Handle bit-vector datatype (HO)
Package: uniquecounter 2016/05/16 v1.3 Provide unlimited unique counter (HO)
)
Package hobsub Info: Skipping package `hobsub' (already loaded).
Package: letltxmacro 2016/05/16 v1.5 Let assignment for LaTeX macros (HO)
Package: hopatch 2016/05/16 v1.3 Wrapper for package hooks (HO)
Package: xcolor-patch 2016/05/16 xcolor patch
Package: atveryend 2016/05/16 v1.9 Hooks at the very end of document (HO)
Package atveryend Info: \enddocument detected (standard20110627).
Package: atbegshi 2016/06/09 v1.18 At begin shipout hook (HO)
Package: refcount 2016/05/16 v3.5 Data extraction from label references (HO)
Package: hycolor 2016/05/16 v1.8 Color options for hyperref/bookmark (HO)
) (/usr/local/texlive/2016/texmf-dist/tex/generic/ifxetex/ifxetex.sty
Package: ifxetex 2010/09/12 v0.6 Provides ifxetex conditional
) (/usr/local/texlive/2016/texmf-dist/tex/latex/oberdiek/auxhook.sty
Package: auxhook 2016/05/16 v1.4 Hooks for auxiliary files (HO)
) (/usr/local/texlive/2016/texmf-dist/tex/latex/oberdiek/kvoptions.sty
Package: kvoptions 2016/05/16 v3.12 Key value format for package options (HO)
)
\@linkdim=\dimen123
\Hy@linkcounter=\count109
\Hy@pagecounter=\count110
(/usr/local/texlive/2016/texmf-dist/tex/latex/hyperref/pd1enc.def
File: pd1enc.def 2017/03/14 v6.85a Hyperref: PDFDocEncoding definition (HO)
)
\Hy@SavedSpaceFactor=\count111
(/usr/local/texlive/2016/texmf-dist/tex/latex/latexconfig/hyperref.cfg
File: hyperref.cfg 2002/06/06 v1.2 hyperref configuration of TeXLive
)

Package hyperref Warning: Unexpected value for option `hidelinks'
(hyperref)                is ignored on input line 4374.

Package hyperref Info: Hyper figures OFF on input line 4498.
Package hyperref Info: Link nesting OFF on input line 4503.
Package hyperref Info: Hyper index ON on input line 4506.
Package hyperref Info: Plain pages OFF on input line 4513.
Package hyperref Info: Backreferencing OFF on input line 4518.
Package hyperref Info: Implicit mode ON; LaTeX internals redefined.
Package hyperref Info: Bookmarks ON on input line 4751.
\c@Hy@tempcnt=\count112
LaTeX Info: Redefining \url on input line 5104.
\XeTeXLinkMargin=\dimen124
\Fld@menulength=\count113
\Field@Width=\dimen125
\Fld@charsize=\dimen126
Package hyperref Info: Hyper figures OFF on input line 6358.
Package hyperref Info: Link nesting OFF on input line 6363.
Package hyperref Info: Hyper index ON on input line 6366.
Package hyperref Info: backreferencing OFF on input line 6373.
Package hyperref Info: Link coloring OFF on input line 6378.
Package hyperref Info: Link coloring with OCG OFF on input line 6383.
Package hyperref Info: PDF/A mode OFF on input line 6388.
LaTeX Info: Redefining \ref on input line 6428.
LaTeX Info: Redefining \pageref on input line 6432.
\Hy@abspage=\count114
\c@Item=\count115
\c@Hfootnote=\count116
)

Package hyperref Message: Driver (autodetected): hpdftex.

(/usr/local/texlive/2016/texmf-dist/tex/latex/hyperref/hpdftex.def
File: hpdftex.def 2017/03/14 v6.85a Hyperref driver for pdfTeX
\Fld@listcount=\count117
\c@bookmark@seq@number=\count118
(/usr/local/texlive/2016/texmf-dist/tex/latex/oberdiek/rerunfilecheck.sty
Package: rerunfilecheck 2016/05/16 v1.8 Rerun checks for auxiliary files (HO)
Package uniquecounter Info: New unique counter `rerunfilecheck' on input line 2
82.
)
\Hy@SectionHShift=\skip54
) (/usr/local/texlive/2016/texmf-dist/tex/latex/xcolor/xcolor.sty
Package: xcolor 2016/05/11 v2.12 LaTeX color extensions (UK)
(/usr/local/texlive/2016/texmf-dist/tex/latex/graphics-cfg/color.cfg
File: color.cfg 2016/01/02 v1.6 sample color configuration
)
Package xcolor Info: Driver file: pdftex.def on input line 225.
Package xcolor Info: Model `cmy' substituted by `cmy0' on input line 1348.
Package xcolor Info: Model `hsb' substituted by `rgb' on input line 1352.
Package xcolor Info: Model `RGB' extended on input line 1364.
Package xcolor Info: Model `HTML' substituted by `rgb' on input line 1366.
Package xcolor Info: Model `Hsb' substituted by `hsb' on input line 1367.
Package xcolor Info: Model `tHsb' substituted by `hsb' on input line 1368.
Package xcolor Info: Model `HSB' substituted by `hsb' on input line 1369.
Package xcolor Info: Model `Gray' substituted by `gray' on input line 1370.
Package xcolor Info: Model `wave' substituted by `hsb' on input line 1371.
)
Package hyperref Info: Option `colorlinks' set `true' on input line 24.
(/usr/local/texlive/2016/texmf-dist/tex/latex/base/textcomp.sty
Package: textcomp 2017/02/22 v2.0g Standard LaTeX package
Package textcomp Info: Sub-encoding information:
(textcomp)               5 = only ISO-Adobe without \textcurrency
(textcomp)               4 = 5 + \texteuro
(textcomp)               3 = 4 + \textohm
(textcomp)               2 = 3 + \textestimated + \textcurrency
(textcomp)               1 = TS1 - \textcircled - \t
(textcomp)               0 = TS1 (full)
(textcomp)             Font families with sub-encoding setting implement
(textcomp)             only a restricted character set as indicated.
(textcomp)             Family '?' is the default used for unknown fonts.
(textcomp)             See the documentation for details.
Package textcomp Info: Setting ? sub-encoding to TS1/1 on input line 79.
(/usr/local/texlive/2016/texmf-dist/tex/latex/base/ts1enc.def
File: ts1enc.def 2001/06/05 v3.0e (jk/car/fm) Standard LaTeX file
)
LaTeX Info: Redefining \oldstylenums on input line 334.
Package textcomp Info: Setting cmr sub-encoding to TS1/0 on input line 349.
Package textcomp Info: Setting cmss sub-encoding to TS1/0 on input line 350.
Package textcomp Info: Setting cmtt sub-encoding to TS1/0 on input line 351.
Package textcomp Info: Setting cmvtt sub-encoding to TS1/0 on input line 352.
Package textcomp Info: Setting cmbr sub-encoding to TS1/0 on input line 353.
Package textcomp Info: Setting cmtl sub-encoding to TS1/0 on input line 354.
Package textcomp Info: Setting ccr sub-encoding to TS1/0 on input line 355.
Package textcomp Info: Setting ptm sub-encoding to TS1/4 on input line 356.
Package textcomp Info: Setting pcr sub-encoding to TS1/4 on input line 357.
Package textcomp Info: Setting phv sub-encoding to TS1/4 on input line 358.
Package textcomp Info: Setting ppl sub-encoding to TS1/3 on input line 359.
Package textcomp Info: Setting pag sub-encoding to TS1/4 on input line 360.
Package textcomp Info: Setting pbk sub-encoding to TS1/4 on input line 361.
Package textcomp Info: Setting pnc sub-encoding to TS1/4 on input line 362.
Package textcomp Info: Setting pzc sub-encoding to TS1/4 on input line 363.
Package textcomp Info: Setting bch sub-encoding to TS1/4 on input line 364.
Package textcomp Info: Setting put sub-encoding to TS1/5 on input line 365.
Package textcomp Info: Setting uag sub-encoding to TS1/5 on input line 366.
Package textcomp Info: Setting ugq sub-encoding to TS1/5 on input line 367.
Package textcomp Info: Setting ul8 sub-encoding to TS1/4 on input line 368.
Package textcomp Info: Setting ul9 sub-encoding to TS1/4 on input line 369.
Package textcomp Info: Setting augie sub-encoding to TS1/5 on input line 370.
Package textcomp Info: Setting dayrom sub-encoding to TS1/3 on input line 371.
Package textcomp Info: Setting dayroms sub-encoding to TS1/3 on input line 372.

Package textcomp Info: Setting pxr sub-encoding to TS1/0 on input line 373.
Package textcomp Info: Setting pxss sub-encoding to TS1/0 on input line 374.
Package textcomp Info: Setting pxtt sub-encoding to TS1/0 on input line 375.
Package textcomp Info: Setting txr sub-encoding to TS1/0 on input line 376.
Package textcomp Info: Setting txss sub-encoding to TS1/0 on input line 377.
Package textcomp Info: Setting txtt sub-encoding to TS1/0 on input line 378.
Package textcomp Info: Setting lmr sub-encoding to TS1/0 on input line 379.
Package textcomp Info: Setting lmdh sub-encoding to TS1/0 on input line 380.
Package textcomp Info: Setting lmss sub-encoding to TS1/0 on input line 381.
Package textcomp Info: Setting lmssq sub-encoding to TS1/0 on input line 382.
Package textcomp Info: Setting lmvtt sub-encoding to TS1/0 on input line 383.
Package textcomp Info: Setting lmtt sub-encoding to TS1/0 on input line 384.
Package textcomp Info: Setting qhv sub-encoding to TS1/0 on input line 385.
Package textcomp Info: Setting qag sub-encoding to TS1/0 on input line 386.
Package textcomp Info: Setting qbk sub-encoding to TS1/0 on input line 387.
Package textcomp Info: Setting qcr sub-encoding to TS1/0 on input line 388.
Package textcomp Info: Setting qcs sub-encoding to TS1/0 on input line 389.
Package textcomp Info: Setting qpl sub-encoding to TS1/0 on input line 390.
Package textcomp Info: Setting qtm sub-encoding to TS1/0 on input line 391.
Package textcomp Info: Setting qzc sub-encoding to TS1/0 on input line 392.
Package textcomp Info: Setting qhvc sub-encoding to TS1/0 on input line 393.
Package textcomp Info: Setting futs sub-encoding to TS1/4 on input line 394.
Package textcomp Info: Setting futx sub-encoding to TS1/4 on input line 395.
Package textcomp Info: Setting futj sub-encoding to TS1/4 on input line 396.
Package textcomp Info: Setting hlh sub-encoding to TS1/3 on input line 397.
Package textcomp Info: Setting hls sub-encoding to TS1/3 on input line 398.
Package textcomp Info: Setting hlst sub-encoding to TS1/3 on input line 399.
Package textcomp Info: Setting hlct sub-encoding to TS1/5 on input line 400.
Package textcomp Info: Setting hlx sub-encoding to TS1/5 on input line 401.
Package textcomp Info: Setting hlce sub-encoding to TS1/5 on input line 402.
Package textcomp Info: Setting hlcn sub-encoding to TS1/5 on input line 403.
Package textcomp Info: Setting hlcw sub-encoding to TS1/5 on input line 404.
Package textcomp Info: Setting hlcf sub-encoding to TS1/5 on input line 405.
Package textcomp Info: Setting pplx sub-encoding to TS1/3 on input line 406.
Package textcomp Info: Setting pplj sub-encoding to TS1/3 on input line 407.
Package textcomp Info: Setting ptmx sub-encoding to TS1/4 on input line 408.
Package textcomp Info: Setting ptmj sub-encoding to TS1/4 on input line 409.
) (/usr/local/texlive/2016/texmf-dist/tex/latex/pgf/frontendlayer/tikz.sty (/us
r/local/texlive/2016/texmf-dist/tex/latex/pgf/basiclayer/pgf.sty (/usr/local/te
xlive/2016/texmf-dist/tex/latex/pgf/utilities/pgfrcs.sty
(/usr/local/texlive/2016/texmf-dist/tex/generic/pgf/utilities/pgfutil-common.te
x
\pgfutil@everybye=\toks20
\pgfutil@tempdima=\dimen127
\pgfutil@tempdimb=\dimen128

(/usr/local/texlive/2016/texmf-dist/tex/generic/pgf/utilities/pgfutil-common-li
sts.tex))
(/usr/local/texlive/2016/texmf-dist/tex/generic/pgf/utilities/pgfutil-latex.def
\pgfutil@abb=\box28
(/usr/local/texlive/2016/texmf-dist/tex/latex/ms/everyshi.sty
Package: everyshi 2001/05/15 v3.00 EveryShipout Package (MS)
)) (/usr/local/texlive/2016/texmf-dist/tex/generic/pgf/utilities/pgfrcs.code.te
x
Package: pgfrcs 2015/08/07 v3.0.1a (rcs-revision 1.31)
))
Package: pgf 2015/08/07 v3.0.1a (rcs-revision 1.15)
(/usr/local/texlive/2016/texmf-dist/tex/latex/pgf/basiclayer/pgfcore.sty (/usr/
local/texlive/2016/texmf-dist/tex/latex/pgf/systemlayer/pgfsys.sty
(/usr/local/texlive/2016/texmf-dist/tex/generic/pgf/systemlayer/pgfsys.code.tex
Package: pgfsys 2014/07/09 v3.0.1a (rcs-revision 1.48)
(/usr/local/texlive/2016/texmf-dist/tex/generic/pgf/utilities/pgfkeys.code.tex
\pgfkeys@pathtoks=\toks21
\pgfkeys@temptoks=\toks22

(/usr/local/texlive/2016/texmf-dist/tex/generic/pgf/utilities/pgfkeysfiltered.c
ode.tex
\pgfkeys@tmptoks=\toks23
))
\pgf@x=\dimen129
\pgf@y=\dimen130
\pgf@xa=\dimen131
\pgf@ya=\dimen132
\pgf@xb=\dimen133
\pgf@yb=\dimen134
\pgf@xc=\dimen135
\pgf@yc=\dimen136
\w@pgf@writea=\write3
\r@pgf@reada=\read1
\c@pgf@counta=\count119
\c@pgf@countb=\count120
\c@pgf@countc=\count121
\c@pgf@countd=\count122
\t@pgf@toka=\toks24
\t@pgf@tokb=\toks25
\t@pgf@tokc=\toks26
(/usr/local/texlive/2016/texmf-dist/tex/generic/pgf/systemlayer/pgf.cfg
File: pgf.cfg 2008/05/14  (rcs-revision 1.7)
)
Driver file for pgf: pgfsys-pdftex.def

(/usr/local/texlive/2016/texmf-dist/tex/generic/pgf/systemlayer/pgfsys-pdftex.d
ef
File: pgfsys-pdftex.def 2014/10/11  (rcs-revision 1.35)

(/usr/local/texlive/2016/texmf-dist/tex/generic/pgf/systemlayer/pgfsys-common-p
df.def
File: pgfsys-common-pdf.def 2013/10/10  (rcs-revision 1.13)
)))
(/usr/local/texlive/2016/texmf-dist/tex/generic/pgf/systemlayer/pgfsyssoftpath.
code.tex
File: pgfsyssoftpath.code.tex 2013/09/09  (rcs-revision 1.9)
\pgfsyssoftpath@smallbuffer@items=\count123
\pgfsyssoftpath@bigbuffer@items=\count124
)
(/usr/local/texlive/2016/texmf-dist/tex/generic/pgf/systemlayer/pgfsysprotocol.
code.tex
File: pgfsysprotocol.code.tex 2006/10/16  (rcs-revision 1.4)
))
(/usr/local/texlive/2016/texmf-dist/tex/generic/pgf/basiclayer/pgfcore.code.tex
Package: pgfcore 2010/04/11 v3.0.1a (rcs-revision 1.7)
(/usr/local/texlive/2016/texmf-dist/tex/generic/pgf/math/pgfmath.code.tex (/usr
/local/texlive/2016/texmf-dist/tex/generic/pgf/math/pgfmathcalc.code.tex (/usr/
local/texlive/2016/texmf-dist/tex/generic/pgf/math/pgfmathutil.code.tex)
(/usr/local/texlive/2016/texmf-dist/tex/generic/pgf/math/pgfmathparser.code.tex
\pgfmath@dimen=\dimen137
\pgfmath@count=\count125
\pgfmath@box=\box29
\pgfmath@toks=\toks27
\pgfmath@stack@operand=\toks28
\pgfmath@stack@operation=\toks29
)
(/usr/local/texlive/2016/texmf-dist/tex/generic/pgf/math/pgfmathfunctions.code.
tex
(/usr/local/texlive/2016/texmf-dist/tex/generic/pgf/math/pgfmathfunctions.basic
.code.tex)
(/usr/local/texlive/2016/texmf-dist/tex/generic/pgf/math/pgfmathfunctions.trigo
nometric.code.tex)
(/usr/local/texlive/2016/texmf-dist/tex/generic/pgf/math/pgfmathfunctions.rando
m.code.tex)
(/usr/local/texlive/2016/texmf-dist/tex/generic/pgf/math/pgfmathfunctions.compa
rison.code.tex)
(/usr/local/texlive/2016/texmf-dist/tex/generic/pgf/math/pgfmathfunctions.base.
code.tex)
(/usr/local/texlive/2016/texmf-dist/tex/generic/pgf/math/pgfmathfunctions.round
.code.tex)
(/usr/local/texlive/2016/texmf-dist/tex/generic/pgf/math/pgfmathfunctions.misc.
code.tex)
(/usr/local/texlive/2016/texmf-dist/tex/generic/pgf/math/pgfmathfunctions.integ
erarithmetics.code.tex))) (/usr/local/texlive/2016/texmf-dist/tex/generic/pgf/m
ath/pgfmathfloat.code.tex
\c@pgfmathroundto@lastzeros=\count126
))
(/usr/local/texlive/2016/texmf-dist/tex/generic/pgf/basiclayer/pgfcorepoints.co
de.tex
File: pgfcorepoints.code.tex 2013/10/07  (rcs-revision 1.27)
\pgf@picminx=\dimen138
\pgf@picmaxx=\dimen139
\pgf@picminy=\dimen140
\pgf@picmaxy=\dimen141
\pgf@pathminx=\dimen142
\pgf@pathmaxx=\dimen143
\pgf@pathminy=\dimen144
\pgf@pathmaxy=\dimen145
\pgf@xx=\dimen146
\pgf@xy=\dimen147
\pgf@yx=\dimen148
\pgf@yy=\dimen149
\pgf@zx=\dimen150
\pgf@zy=\dimen151
)
(/usr/local/texlive/2016/texmf-dist/tex/generic/pgf/basiclayer/pgfcorepathconst
ruct.code.tex
File: pgfcorepathconstruct.code.tex 2013/10/07  (rcs-revision 1.29)
\pgf@path@lastx=\dimen152
\pgf@path@lasty=\dimen153
)
(/usr/local/texlive/2016/texmf-dist/tex/generic/pgf/basiclayer/pgfcorepathusage
.code.tex
File: pgfcorepathusage.code.tex 2014/11/02  (rcs-revision 1.24)
\pgf@shorten@end@additional=\dimen154
\pgf@shorten@start@additional=\dimen155
)
(/usr/local/texlive/2016/texmf-dist/tex/generic/pgf/basiclayer/pgfcorescopes.co
de.tex
File: pgfcorescopes.code.tex 2015/05/08  (rcs-revision 1.46)
\pgfpic=\box30
\pgf@hbox=\box31
\pgf@layerbox@main=\box32
\pgf@picture@serial@count=\count127
)
(/usr/local/texlive/2016/texmf-dist/tex/generic/pgf/basiclayer/pgfcoregraphicst
ate.code.tex
File: pgfcoregraphicstate.code.tex 2014/11/02  (rcs-revision 1.12)
\pgflinewidth=\dimen156
)
(/usr/local/texlive/2016/texmf-dist/tex/generic/pgf/basiclayer/pgfcoretransform
ations.code.tex
File: pgfcoretransformations.code.tex 2015/08/07  (rcs-revision 1.20)
\pgf@pt@x=\dimen157
\pgf@pt@y=\dimen158
\pgf@pt@temp=\dimen159
)
(/usr/local/texlive/2016/texmf-dist/tex/generic/pgf/basiclayer/pgfcorequick.cod
e.tex
File: pgfcorequick.code.tex 2008/10/09  (rcs-revision 1.3)
)
(/usr/local/texlive/2016/texmf-dist/tex/generic/pgf/basiclayer/pgfcoreobjects.c
ode.tex
File: pgfcoreobjects.code.tex 2006/10/11  (rcs-revision 1.2)
)
(/usr/local/texlive/2016/texmf-dist/tex/generic/pgf/basiclayer/pgfcorepathproce
ssing.code.tex
File: pgfcorepathprocessing.code.tex 2013/09/09  (rcs-revision 1.9)
)
(/usr/local/texlive/2016/texmf-dist/tex/generic/pgf/basiclayer/pgfcorearrows.co
de.tex
File: pgfcorearrows.code.tex 2015/05/14  (rcs-revision 1.43)
\pgfarrowsep=\dimen160
)
(/usr/local/texlive/2016/texmf-dist/tex/generic/pgf/basiclayer/pgfcoreshade.cod
e.tex
File: pgfcoreshade.code.tex 2013/07/15  (rcs-revision 1.15)
\pgf@max=\dimen161
\pgf@sys@shading@range@num=\count128
)
(/usr/local/texlive/2016/texmf-dist/tex/generic/pgf/basiclayer/pgfcoreimage.cod
e.tex
File: pgfcoreimage.code.tex 2013/07/15  (rcs-revision 1.18)

(/usr/local/texlive/2016/texmf-dist/tex/generic/pgf/basiclayer/pgfcoreexternal.
code.tex
File: pgfcoreexternal.code.tex 2014/07/09  (rcs-revision 1.21)
\pgfexternal@startupbox=\box33
))
(/usr/local/texlive/2016/texmf-dist/tex/generic/pgf/basiclayer/pgfcorelayers.co
de.tex
File: pgfcorelayers.code.tex 2013/07/18  (rcs-revision 1.7)
)
(/usr/local/texlive/2016/texmf-dist/tex/generic/pgf/basiclayer/pgfcoretranspare
ncy.code.tex
File: pgfcoretransparency.code.tex 2013/09/30  (rcs-revision 1.5)
)
(/usr/local/texlive/2016/texmf-dist/tex/generic/pgf/basiclayer/pgfcorepatterns.
code.tex
File: pgfcorepatterns.code.tex 2013/11/07  (rcs-revision 1.5)
)))
(/usr/local/texlive/2016/texmf-dist/tex/generic/pgf/modules/pgfmoduleshapes.cod
e.tex
File: pgfmoduleshapes.code.tex 2014/03/21  (rcs-revision 1.35)
\pgfnodeparttextbox=\box34
)
(/usr/local/texlive/2016/texmf-dist/tex/generic/pgf/modules/pgfmoduleplot.code.
tex
File: pgfmoduleplot.code.tex 2015/08/03  (rcs-revision 1.13)
)
(/usr/local/texlive/2016/texmf-dist/tex/latex/pgf/compatibility/pgfcomp-version
-0-65.sty
Package: pgfcomp-version-0-65 2007/07/03 v3.0.1a (rcs-revision 1.7)
\pgf@nodesepstart=\dimen162
\pgf@nodesepend=\dimen163
)
(/usr/local/texlive/2016/texmf-dist/tex/latex/pgf/compatibility/pgfcomp-version
-1-18.sty
Package: pgfcomp-version-1-18 2007/07/23 v3.0.1a (rcs-revision 1.1)
)) (/usr/local/texlive/2016/texmf-dist/tex/latex/pgf/utilities/pgffor.sty (/usr
/local/texlive/2016/texmf-dist/tex/latex/pgf/utilities/pgfkeys.sty (/usr/local/
texlive/2016/texmf-dist/tex/generic/pgf/utilities/pgfkeys.code.tex)) (/usr/loca
l/texlive/2016/texmf-dist/tex/latex/pgf/math/pgfmath.sty (/usr/local/texlive/20
16/texmf-dist/tex/generic/pgf/math/pgfmath.code.tex)) (/usr/local/texlive/2016/
texmf-dist/tex/generic/pgf/utilities/pgffor.code.tex
Package: pgffor 2013/12/13 v3.0.1a (rcs-revision 1.25)
(/usr/local/texlive/2016/texmf-dist/tex/generic/pgf/math/pgfmath.code.tex)
\pgffor@iter=\dimen164
\pgffor@skip=\dimen165
\pgffor@stack=\toks30
\pgffor@toks=\toks31
))
(/usr/local/texlive/2016/texmf-dist/tex/generic/pgf/frontendlayer/tikz/tikz.cod
e.tex
Package: tikz 2015/08/07 v3.0.1a (rcs-revision 1.151)

(/usr/local/texlive/2016/texmf-dist/tex/generic/pgf/libraries/pgflibraryplothan
dlers.code.tex
File: pgflibraryplothandlers.code.tex 2013/08/31 v3.0.1a (rcs-revision 1.20)
\pgf@plot@mark@count=\count129
\pgfplotmarksize=\dimen166
)
\tikz@lastx=\dimen167
\tikz@lasty=\dimen168
\tikz@lastxsaved=\dimen169
\tikz@lastysaved=\dimen170
\tikzleveldistance=\dimen171
\tikzsiblingdistance=\dimen172
\tikz@figbox=\box35
\tikz@figbox@bg=\box36
\tikz@tempbox=\box37
\tikz@tempbox@bg=\box38
\tikztreelevel=\count130
\tikznumberofchildren=\count131
\tikznumberofcurrentchild=\count132
\tikz@fig@count=\count133

(/usr/local/texlive/2016/texmf-dist/tex/generic/pgf/modules/pgfmodulematrix.cod
e.tex
File: pgfmodulematrix.code.tex 2013/09/17  (rcs-revision 1.8)
\pgfmatrixcurrentrow=\count134
\pgfmatrixcurrentcolumn=\count135
\pgf@matrix@numberofcolumns=\count136
)
\tikz@expandcount=\count137

(/usr/local/texlive/2016/texmf-dist/tex/generic/pgf/frontendlayer/tikz/librarie
s/tikzlibrarytopaths.code.tex
File: tikzlibrarytopaths.code.tex 2008/06/17 v3.0.1a (rcs-revision 1.2)
))) (/usr/local/texlive/2016/texmf-dist/tex/latex/filecontents/filecontents.sty
Package: filecontents 2011/10/08 v1.3 Create an external file from within a LaT
eX document
) (/usr/local/texlive/2016/texmf-dist/tex/latex/amscls/amsthm.sty
Package: amsthm 2015/03/04 v2.20.2
\thm@style=\toks32
\thm@bodyfont=\toks33
\thm@headfont=\toks34
\thm@notefont=\toks35
\thm@headpunct=\toks36
\thm@preskip=\skip55
\thm@postskip=\skip56
\thm@headsep=\skip57
\dth@everypar=\toks37
) (/usr/local/texlive/2016/texmf-dist/tex/latex/tools/array.sty
Package: array 2016/10/06 v2.4d Tabular extension package (FMi)
\col@sep=\dimen173
\extrarowheight=\dimen174
\NC@list=\toks38
\extratabsurround=\skip58
\backup@length=\skip59
) (/usr/local/texlive/2016/texmf-dist/tex/latex/preprint/balance.sty
Package: balance 1999/02/23 4.3 (PWD)
\oldvsize=\dimen175
)
\c@mydef=\count138

(/usr/local/texlive/2016/texmf-dist/tex/generic/pgf/frontendlayer/tikz/librarie
s/tikzlibrarypatterns.code.tex
File: tikzlibrarypatterns.code.tex 2008/01/15 v3.0.1a (rcs-revision 1.2)

(/usr/local/texlive/2016/texmf-dist/tex/generic/pgf/libraries/pgflibrarypattern
s.code.tex
File: pgflibrarypatterns.code.tex 2008/03/03 v3.0.1a (rcs-revision 1.13)
)) (/usr/local/texlive/2016/texmf-dist/tex/latex/bbm-macros/bbm.sty
Package: bbm 1999/03/15 V 1.2 provides fonts for set symbols - TH
LaTeX Font Info:    Overwriting math alphabet `\mathbbm' in version `bold'
(Font)                  U/bbm/m/n --> U/bbm/bx/n on input line 33.
LaTeX Font Info:    Overwriting math alphabet `\mathbbmss' in version `bold'
(Font)                  U/bbmss/m/n --> U/bbmss/bx/n on input line 35.
) (/usr/local/texlive/2016/texmf-dist/tex/latex/enumitem/enumitem.sty
Package: enumitem 2011/09/28 v3.5.2 Customized lists
\labelindent=\skip60
\enit@outerparindent=\dimen176
\enit@toks=\toks39
\enit@inbox=\box39
\enitdp@description=\count139
) (/usr/local/texlive/2016/texmf-dist/tex/latex/makecell/makecell.sty
Package: makecell 2009/08/03 V0.1e Managing of Tab Column Heads and Cells
\rotheadsize=\dimen177
\c@nlinenum=\count140
\TeXr@lab=\toks40
) (/Users/xqq/Library/texmf/tex/latex/commonstuff/multirow.sty
\bigstrutjot=\dimen178
) (/usr/local/texlive/2016/texmf-dist/tex/latex/pgfplots/pgfplots.sty (/usr/loc
al/texlive/2016/texmf-dist/tex/generic/pgfplots/pgfplots.revision.tex)
Package: pgfplots 2016/08/10 v1.14 Data Visualization (1.14)
(/usr/local/texlive/2016/texmf-dist/tex/generic/pgfplots/pgfplots.code.tex (/us
r/local/texlive/2016/texmf-dist/tex/generic/pgfplots/pgfplotscore.code.tex
\t@pgfplots@toka=\toks41
\t@pgfplots@tokb=\toks42
\t@pgfplots@tokc=\toks43
\pgfplots@tmpa=\dimen179
\c@pgfplots@coordindex=\count141
\c@pgfplots@scanlineindex=\count142

(/usr/local/texlive/2016/texmf-dist/tex/generic/pgfplots/sys/pgfplotssysgeneric
.code.tex))
(/usr/local/texlive/2016/texmf-dist/tex/generic/pgfplots/libs/pgfplotslibrary.c
ode.tex)
(/usr/local/texlive/2016/texmf-dist/tex/generic/pgfplots/oldpgfcompatib/pgfplot
soldpgfsupp_loader.code.tex
(/usr/local/texlive/2016/texmf-dist/tex/generic/pgf/libraries/pgflibraryfpu.cod
e.tex)
Package pgfplots: loading complementary arithmetics for your pgf version...

(/usr/local/texlive/2016/texmf-dist/tex/generic/pgfplots/oldpgfcompatib/pgfplot
soldpgfsupp_pgflibraryfpu.code.tex)
(/usr/local/texlive/2016/texmf-dist/tex/generic/pgfplots/oldpgfcompatib/pgfplot
soldpgfsupp_pgfmathfloat.code.tex
\c@pgfmathroundto@lastzeros=\count143
))
(/usr/local/texlive/2016/texmf-dist/tex/generic/pgfplots/util/pgfplotsutil.code
.tex
(/usr/local/texlive/2016/texmf-dist/tex/generic/pgfplots/liststructure/pgfplots
liststructure.code.tex)
(/usr/local/texlive/2016/texmf-dist/tex/generic/pgfplots/liststructure/pgfplots
liststructureext.code.tex)
(/usr/local/texlive/2016/texmf-dist/tex/generic/pgfplots/liststructure/pgfplots
array.code.tex
\c@pgfplotsarray@tmp=\count144
)
(/usr/local/texlive/2016/texmf-dist/tex/generic/pgfplots/liststructure/pgfplots
matrix.code.tex)
(/usr/local/texlive/2016/texmf-dist/tex/generic/pgfplots/numtable/pgfplotstable
shared.code.tex
\c@pgfplotstable@counta=\count145
\t@pgfplotstable@a=\toks44
)
(/usr/local/texlive/2016/texmf-dist/tex/generic/pgfplots/liststructure/pgfplots
deque.code.tex)
(/usr/local/texlive/2016/texmf-dist/tex/generic/pgfplots/util/pgfplotsbinary.co
de.tex
(/usr/local/texlive/2016/texmf-dist/tex/generic/pgfplots/util/pgfplotsbinary.da
ta.code.tex))
(/usr/local/texlive/2016/texmf-dist/tex/generic/pgfplots/util/pgfplotsutil.verb
.code.tex)
(/usr/local/texlive/2016/texmf-dist/tex/generic/pgfplots/libs/pgflibrarypgfplot
s.surfshading.code.tex
\c@pgfplotslibrarysurf@no=\count146

(/usr/local/texlive/2016/texmf-dist/tex/generic/pgfplots/sys/pgflibrarypgfplots
.surfshading.pgfsys-pdftex.def)))
(/usr/local/texlive/2016/texmf-dist/tex/generic/pgfplots/util/pgfplotscolormap.
code.tex
(/usr/local/texlive/2016/texmf-dist/tex/generic/pgfplots/util/pgfplotscolor.cod
e.tex))
(/usr/local/texlive/2016/texmf-dist/tex/generic/pgfplots/pgfplotsstackedplots.c
ode.tex)
(/usr/local/texlive/2016/texmf-dist/tex/generic/pgfplots/pgfplotsplothandlers.c
ode.tex
(/usr/local/texlive/2016/texmf-dist/tex/generic/pgfplots/pgfplotsmeshplothandle
r.code.tex
(/usr/local/texlive/2016/texmf-dist/tex/generic/pgfplots/pgfplotsmeshplotimage.
code.tex)))
(/usr/local/texlive/2016/texmf-dist/tex/generic/pgfplots/pgfplots.scaling.code.
tex)
(/usr/local/texlive/2016/texmf-dist/tex/generic/pgfplots/pgfplotscoordprocessin
g.code.tex)
(/usr/local/texlive/2016/texmf-dist/tex/generic/pgfplots/pgfplots.errorbars.cod
e.tex)
(/usr/local/texlive/2016/texmf-dist/tex/generic/pgfplots/pgfplots.markers.code.
tex)
(/usr/local/texlive/2016/texmf-dist/tex/generic/pgfplots/pgfplotsticks.code.tex
)
(/usr/local/texlive/2016/texmf-dist/tex/generic/pgfplots/pgfplots.paths.code.te
x)
(/usr/local/texlive/2016/texmf-dist/tex/generic/pgf/frontendlayer/tikz/librarie
s/tikzlibrarydecorations.code.tex
(/usr/local/texlive/2016/texmf-dist/tex/generic/pgf/modules/pgfmoduledecoration
s.code.tex
\pgfdecoratedcompleteddistance=\dimen180
\pgfdecoratedremainingdistance=\dimen181
\pgfdecoratedinputsegmentcompleteddistance=\dimen182
\pgfdecoratedinputsegmentremainingdistance=\dimen183
\pgf@decorate@distancetomove=\dimen184
\pgf@decorate@repeatstate=\count147
\pgfdecorationsegmentamplitude=\dimen185
\pgfdecorationsegmentlength=\dimen186
)
\tikz@lib@dec@box=\box40
)
(/usr/local/texlive/2016/texmf-dist/tex/generic/pgf/frontendlayer/tikz/librarie
s/tikzlibrarydecorations.pathmorphing.code.tex
(/usr/local/texlive/2016/texmf-dist/tex/generic/pgf/libraries/decorations/pgfli
brarydecorations.pathmorphing.code.tex))
(/usr/local/texlive/2016/texmf-dist/tex/generic/pgf/frontendlayer/tikz/librarie
s/tikzlibrarydecorations.pathreplacing.code.tex
(/usr/local/texlive/2016/texmf-dist/tex/generic/pgf/libraries/decorations/pgfli
brarydecorations.pathreplacing.code.tex))
\pgfplots@numplots=\count148
\pgfplots@xmin@reg=\dimen187
\pgfplots@xmax@reg=\dimen188
\pgfplots@ymin@reg=\dimen189
\pgfplots@ymax@reg=\dimen190
\pgfplots@zmin@reg=\dimen191
\pgfplots@zmax@reg=\dimen192
)
(/usr/local/texlive/2016/texmf-dist/tex/generic/pgf/frontendlayer/tikz/librarie
s/tikzlibraryplotmarks.code.tex
File: tikzlibraryplotmarks.code.tex 2008/01/09 v3.0.1a (rcs-revision 1.1)

(/usr/local/texlive/2016/texmf-dist/tex/generic/pgf/libraries/pgflibraryplotmar
ks.code.tex
File: pgflibraryplotmarks.code.tex 2015/08/03 v3.0.1a (rcs-revision 1.14)
))) (/usr/local/texlive/2016/texmf-dist/tex/latex/adjustbox/adjustbox.sty
Package: adjustbox 2012/05/21 v1.0 Adjusting TeX boxes (trim, clip, ...)
(/usr/local/texlive/2016/texmf-dist/tex/latex/xkeyval/xkeyval.sty
Package: xkeyval 2014/12/03 v2.7a package option processing (HA)
(/usr/local/texlive/2016/texmf-dist/tex/generic/xkeyval/xkeyval.tex (/usr/local
/texlive/2016/texmf-dist/tex/generic/xkeyval/xkvutils.tex
\XKV@toks=\toks45
\XKV@tempa@toks=\toks46
)
\XKV@depth=\count149
File: xkeyval.tex 2014/12/03 v2.7a key=value parser (HA)
)) (/usr/local/texlive/2016/texmf-dist/tex/latex/adjustbox/adjcalc.sty
Package: adjcalc 2012/05/16 v1.1 Provides advanced setlength with multiple back
-ends (calc, etex, pgfmath)
) (/usr/local/texlive/2016/texmf-dist/tex/latex/adjustbox/trimclip.sty
Package: trimclip 2012/05/16 v1.0 Trim and clip general TeX material
(/usr/local/texlive/2016/texmf-dist/tex/latex/collectbox/collectbox.sty
Package: collectbox 2012/05/17 v0.4b Collect macro arguments as boxes
\collectedbox=\box41
)
\tc@llx=\dimen193
\tc@lly=\dimen194
\tc@urx=\dimen195
\tc@ury=\dimen196
Package trimclip Info: Using driver 'tc-pdftex.def'.
(/usr/local/texlive/2016/texmf-dist/tex/latex/adjustbox/tc-pdftex.def
File: tc-pdftex.def 2012/05/13 v1.0 Clipping driver for pdftex
))
\adjbox@Width=\dimen197
\adjbox@Height=\dimen198
\adjbox@Depth=\dimen199
\adjbox@Totalheight=\dimen256
(/usr/local/texlive/2016/texmf-dist/tex/latex/ifoddpage/ifoddpage.sty
Package: ifoddpage 2016/04/23 v1.1 Conditionals for odd/even page detection
\c@checkoddpage=\count150
) (/usr/local/texlive/2016/texmf-dist/tex/latex/varwidth/varwidth.sty
Package: varwidth 2009/03/30 ver 0.92;  Variable-width minipages
\@vwid@box=\box42
\sift@deathcycles=\count151
\@vwid@loff=\dimen257
\@vwid@roff=\dimen258
)) (/usr/local/texlive/2016/texmf-dist/tex/latex/wasysym/wasysym.sty
Package: wasysym 2003/10/30 v2.0 Wasy-2 symbol support package
\symwasy=\mathgroup6
LaTeX Font Info:    Overwriting symbol font `wasy' in version `bold'
(Font)                  U/wasy/m/n --> U/wasy/b/n on input line 90.
) (/usr/local/texlive/2016/texmf-dist/tex/latex/marvosym/marvosym.sty
Package: marvosym 2011/07/20 v2.2 Martin Vogel's Symbols font definitions
) (/usr/local/texlive/2016/texmf-dist/tex/latex/subfig/subfig.sty
Package: subfig 2005/06/28 ver: 1.3 subfig package
(/usr/local/texlive/2016/texmf-dist/tex/latex/caption/caption.sty
Package: caption 2016/02/21 v3.3-144 Customizing captions (AR)
(/usr/local/texlive/2016/texmf-dist/tex/latex/caption/caption3.sty
Package: caption3 2016/05/22 v1.7-166 caption3 kernel (AR)
Package caption3 Info: TeX engine: e-TeX on input line 67.
\captionmargin=\dimen259
\captionmargin@=\dimen260
\captionwidth=\dimen261
\caption@tempdima=\dimen262
\caption@indent=\dimen263
\caption@parindent=\dimen264
\caption@hangindent=\dimen265
)
\c@ContinuedFloat=\count152
Package caption Info: hyperref package is loaded.
)
\c@KVtest=\count153
\sf@farskip=\skip61
\sf@captopadj=\dimen266
\sf@capskip=\skip62
\sf@nearskip=\skip63
\c@subfigure=\count154
\c@subfigure@save=\count155
\c@lofdepth=\count156
\c@subtable=\count157
\c@subtable@save=\count158
\c@lotdepth=\count159
\sf@top=\skip64
\sf@bottom=\skip65
)
(/usr/local/texlive/2016/texmf-dist/tex/generic/pgfplots/libs/tikzlibrarypgfplo
ts.groupplots.code.tex
\pgfplots@group@current@plot=\count160
\pgfplots@group@current@row=\count161
\pgfplots@group@current@column=\count162

(/usr/local/texlive/2016/texmf-dist/tex/generic/pgf/frontendlayer/tikz/librarie
s/tikzlibrarycalc.code.tex
File: tikzlibrarycalc.code.tex 2013/07/15 v3.0.1a (rcs-revision 1.9)
)) (/usr/local/texlive/2016/texmf-dist/tex/latex/algorithm2e/algorithm2e.sty
Package: algorithm2e 2013/01/06 v5.00 algorithms environments
\c@AlgoLine=\count163
\algocf@hangindent=\skip66
(/usr/local/texlive/2016/texmf-dist/tex/latex/tools/xspace.sty
Package: xspace 2014/10/28 v1.13 Space after command names (DPC,MH)
) (/usr/local/texlive/2016/texmf-dist/tex/latex/relsize/relsize.sty
Package: relsize 2013/03/29 ver 4.1
)
********************************************************
Package `algorithm2e' Release 5.1 -- october 19 2015 --
- algorithm2e-announce@lirmm.fr mailing list for announcement about releases
- algorithm2e-discussion@lirmm.fr mailing list for discussion about package
subscribe by emailing sympa@lirmm.fr with 'subscribe <list> <firstname name>'
- Author: Christophe Fiorio (christophe.fiorio@umontpellier.fr)
********************************************************
\skiptotal=\skip67
\skiplinenumber=\skip68
\skiprule=\skip69
\skiphlne=\skip70
\skiptext=\skip71
\skiplength=\skip72
\algomargin=\skip73
\skipalgocfslide=\skip74
\algowidth=\dimen267
\inoutsize=\dimen268
\inoutindent=\dimen269
\interspacetitleruled=\dimen270
\interspacealgoruled=\dimen271
\interspacetitleboxruled=\dimen272
\algocf@ruledwidth=\skip75
\algocf@inoutbox=\box43
\algocf@inputbox=\box44
\AlCapSkip=\skip76
\AlCapHSkip=\skip77
\algoskipindent=\skip78
\algocf@nlbox=\box45
\algocf@hangingbox=\box46
\algocf@untilbox=\box47
\algocf@skipuntil=\skip79
\algocf@capbox=\box48
\algoheightruledefault=\skip80
\algoheightrule=\skip81
\algotitleheightruledefault=\skip82
\algotitleheightrule=\skip83
\c@algocfline=\count164
\c@algocfproc=\count165
\c@algocf=\count166
\algocf@algoframe=\box49
\algocf@algobox=\box50
) (/Users/xqq/Documents/work/dissertation/long/thesis-ex.aux

LaTeX Warning: Label `sec:intro' multiply defined.


LaTeX Warning: Label `sec:relwork' multiply defined.


LaTeX Warning: Label `sec:data' multiply defined.


LaTeX Warning: Label `sec:discussion' multiply defined.


LaTeX Warning: Label `fig:intro' multiply defined.


LaTeX Warning: Label `algo' multiply defined.


LaTeX Warning: Label `sec:exp' multiply defined.


LaTeX Warning: Label `sec:discussion' multiply defined.


LaTeX Warning: Label `sec:relwork' multiply defined.


LaTeX Warning: Label `sec:conclusion' multiply defined.


LaTeX Warning: Label `sec:relwork' multiply defined.


LaTeX Warning: Label `sec:exp' multiply defined.


LaTeX Warning: Label `sec:rq3' multiply defined.

(/Users/xqq/Documents/work/dissertation/long/Appendix.tex.aux))
\openout1 = `thesis-ex.aux'.

LaTeX Font Info:    Checking defaults for OML/cmm/m/it on input line 60.
LaTeX Font Info:    ... okay on input line 60.
LaTeX Font Info:    Checking defaults for T1/cmr/m/n on input line 60.
LaTeX Font Info:    ... okay on input line 60.
LaTeX Font Info:    Checking defaults for OT1/cmr/m/n on input line 60.
LaTeX Font Info:    ... okay on input line 60.
LaTeX Font Info:    Checking defaults for OMS/cmsy/m/n on input line 60.
LaTeX Font Info:    ... okay on input line 60.
LaTeX Font Info:    Checking defaults for OMX/cmex/m/n on input line 60.
LaTeX Font Info:    ... okay on input line 60.
LaTeX Font Info:    Checking defaults for U/cmr/m/n on input line 60.
LaTeX Font Info:    ... okay on input line 60.
LaTeX Font Info:    Checking defaults for PD1/pdf/m/n on input line 60.
LaTeX Font Info:    ... okay on input line 60.
LaTeX Font Info:    Checking defaults for TS1/cmr/m/n on input line 60.
LaTeX Font Info:    Try loading font information for TS1+cmr on input line 60.
(/usr/local/texlive/2016/texmf-dist/tex/latex/base/ts1cmr.fd
File: ts1cmr.fd 2014/09/29 v2.5h Standard LaTeX font definitions
)
LaTeX Font Info:    ... okay on input line 60.
\chapternumberheight=\dimen273
(/usr/local/texlive/2016/texmf-dist/tex/context/base/mkii/supp-pdf.mkii
[Loading MPS to PDF converter (version 2006.09.02).]
\scratchcounter=\count167
\scratchdimen=\dimen274
\scratchbox=\box51
\nofMPsegments=\count168
\nofMParguments=\count169
\everyMPshowfont=\toks47
\MPscratchCnt=\count170
\MPscratchDim=\dimen275
\MPnumerator=\count171
\makeMPintoPDFobject=\count172
\everyMPtoPDFconversion=\toks48
) (/usr/local/texlive/2016/texmf-dist/tex/latex/oberdiek/epstopdf-base.sty
Package: epstopdf-base 2016/05/15 v2.6 Base part for package epstopdf
(/usr/local/texlive/2016/texmf-dist/tex/latex/oberdiek/grfext.sty
Package: grfext 2016/05/16 v1.2 Manage graphics extensions (HO)
)
Package epstopdf-base Info: Redefining graphics rule for `.eps' on input line 4
38.
Package grfext Info: Graphics extension search list:
(grfext)             [.png,.pdf,.jpg,.mps,.jpeg,.jbig2,.jb2,.PNG,.PDF,.JPG,.JPE
G,.JBIG2,.JB2,.eps]
(grfext)             \AppendGraphicsExtensions on input line 456.
(/usr/local/texlive/2016/texmf-dist/tex/latex/latexconfig/epstopdf-sys.cfg
File: epstopdf-sys.cfg 2010/07/13 v1.3 Configuration of (r)epstopdf for TeX Liv
e
))
\AtBeginShipoutBox=\box52
Package hyperref Info: Link coloring ON on input line 60.
(/usr/local/texlive/2016/texmf-dist/tex/latex/hyperref/nameref.sty
Package: nameref 2016/05/21 v2.44 Cross-referencing by name of section
(/usr/local/texlive/2016/texmf-dist/tex/generic/oberdiek/gettitlestring.sty
Package: gettitlestring 2016/05/16 v1.5 Cleanup title references (HO)
)
\c@section@level=\count173
)
LaTeX Info: Redefining \ref on input line 60.
LaTeX Info: Redefining \pageref on input line 60.
LaTeX Info: Redefining \nameref on input line 60.
(/Users/xqq/Documents/work/dissertation/long/thesis-ex.out) (/Users/xqq/Documen
ts/work/dissertation/long/thesis-ex.out)
\@outlinefile=\write4
\openout4 = `thesis-ex.out'.

ABD: EveryShipout initializing macros

Package pgfplots Warning: running in backwards compatibility mode (unsuitable t
ick labels; missing features). Consider writing \pgfplotsset{compat=1.14} into 
your preamble.
 on input line 60.

Package caption Info: Begin \AtBeginDocument code.
Package caption Info: subfig package v1.3 is loaded.
Package caption Info: End \AtBeginDocument code.
[1

{/usr/local/texlive/2016/texmf-var/fonts/map/pdftex/updmap/pdftex.map}]
\thesis@dim=\dimen276
\ct@dim=\dimen277
\cn@dim=\dimen278

Underfull \vbox (badness 10000) detected at line 72
 []


Underfull \vbox (badness 10000) detected at line 72
 []

LaTeX Font Info:    Try loading font information for U+msa on input line 72.
(/usr/local/texlive/2016/texmf-dist/tex/latex/amsfonts/umsa.fd
File: umsa.fd 2013/01/14 v3.01 AMS symbols A
)
LaTeX Font Info:    Try loading font information for U+msb on input line 72.
(/usr/local/texlive/2016/texmf-dist/tex/latex/amsfonts/umsb.fd
File: umsb.fd 2013/01/14 v3.01 AMS symbols B
)
LaTeX Font Info:    Try loading font information for U+wasy on input line 72.
(/usr/local/texlive/2016/texmf-dist/tex/latex/wasysym/uwasy.fd
File: uwasy.fd 2003/10/30 v2.0 Wasy-2 symbol font definitions
) [2]pdfTeX warning (ext4): destination with the same identifier (name{page.ii}
) has been already used, duplicate ignored
<to be read again> 
                   \relax 
l.119 \tableofcontents
                       [2


] (/Users/xqq/Documents/work/dissertation/long/thesis-ex.toc [3

])
\tf@toc=\write5
\openout5 = `thesis-ex.toc'.

[4] (/Users/xqq/Documents/work/dissertation/long/thesis-ex.lot)
\tf@lot=\write6
\openout6 = `thesis-ex.lot'.

[5

] (/Users/xqq/Documents/work/dissertation/long/thesis-ex.lof)
\tf@lof=\write7
\openout7 = `thesis-ex.lof'.

[6

] [7

] [8

] (/Users/xqq/Documents/work/dissertation/long/tex/1-intro/1-intro.tex
Chapter 1.

Package hyperref Warning: Token not allowed in a PDF string (PDFDocEncoding):
(hyperref)                \hskip 10.00002pt
(hyperref)                replaced by space on input line 3.

[1


] (/Users/xqq/Documents/work/dissertation/long/tex/1-intro/1-motiv.tex [2] [3] 
<figure/chapter1/knowledge1.png, id=627, 668.4975pt x 302.12875pt>
File: figure/chapter1/knowledge1.png Graphic file (type png)
<use figure/chapter1/knowledge1.png>
Package pdftex.def Info: figure/chapter1/knowledge1.png used on input line 28.
(pdftex.def)             Requested size: 281.40286pt x 127.18364pt.
<figure/chapter1/knowledge3.jpg, id=629, 1033.8625pt x 976.64874pt>
File: figure/chapter1/knowledge3.jpg Graphic file (type jpg)
<use figure/chapter1/knowledge3.jpg>
Package pdftex.def Info: figure/chapter1/knowledge3.jpg used on input line 29.
(pdftex.def)             Requested size: 140.70143pt x 132.91486pt.

LaTeX Warning: `h' float specifier changed to `ht'.

[4]) (/Users/xqq/Documents/work/dissertation/long/tex/1-intro/1-background.tex 
[5 </Users/xqq/Documents/work/dissertation/long/figure/chapter1/knowledge1.png>
 </Users/xqq/Documents/work/dissertation/long/figure/chapter1/knowledge3.jpg>] 
[6] [7]) [8] (/Users/xqq/Documents/work/dissertation/long/tex/1-intro/1-overvie
w.tex <figure/chapter1/overview2.png, id=691, 837.1275pt x 315.1775pt>
File: figure/chapter1/overview2.png Graphic file (type png)
<use figure/chapter1/overview2.png>
Package pdftex.def Info: figure/chapter1/overview2.png used on input line 12.
(pdftex.def)             Requested size: 304.84714pt x 114.77191pt.
<figure/chapter1/overview1.jpg, id=692, 1058.95625pt x 970.62625pt>
File: figure/chapter1/overview1.jpg Graphic file (type jpg)
<use figure/chapter1/overview1.jpg>
Package pdftex.def Info: figure/chapter1/overview1.jpg used on input line 13.
(pdftex.def)             Requested size: 126.632pt x 116.05542pt.
[9 </Users/xqq/Documents/work/dissertation/long/figure/chapter1/overview2.png> 
</Users/xqq/Documents/work/dissertation/long/figure/chapter1/overview1.jpg>] <f
igure/chapter1/android1.png, id=704, 314.17375pt x 426.59375pt>
File: figure/chapter1/android1.png Graphic file (type png)
<use figure/chapter1/android1.png>
Package pdftex.def Info: figure/chapter1/android1.png used on input line 25.
(pdftex.def)             Requested size: 117.25pt x 159.20416pt.
<figure/chapter1/android2.png, id=705, 1418.29875pt x 2002.48125pt>
File: figure/chapter1/android2.png Graphic file (type png)
<use figure/chapter1/android2.png>
Package pdftex.def Info: figure/chapter1/android2.png used on input line 26.
(pdftex.def)             Requested size: 117.25pt x 165.5184pt.
<figure/chapter1/android3.jpg, id=706, 565.11125pt x 718.685pt>
File: figure/chapter1/android3.jpg Graphic file (type jpg)
<use figure/chapter1/android3.jpg>
Package pdftex.def Info: figure/chapter1/android3.jpg used on input line 27.
(pdftex.def)             Requested size: 117.25pt x 149.10791pt.

LaTeX Warning: `h' float specifier changed to `ht'.

[10] <figure/chapter1/powerbi1_crop.pdf, id=715, 674.52pt x 373.87682pt>
File: figure/chapter1/powerbi1_crop.pdf Graphic file (type pdf)
<use figure/chapter1/powerbi1_crop.pdf>
Package pdftex.def Info: figure/chapter1/powerbi1_crop.pdf used on input line 3
7.
(pdftex.def)             Requested size: 234.5pt x 129.98029pt.
<figure/chapter1/powerbi2.png, id=716, 252.19218pt x 285.31593pt>
File: figure/chapter1/powerbi2.png Graphic file (type png)
<use figure/chapter1/powerbi2.png>
Package pdftex.def Info: figure/chapter1/powerbi2.png used on input line 38.
(pdftex.def)             Requested size: 117.25pt x 132.64876pt.
[11 </Users/xqq/Documents/work/dissertation/long/figure/chapter1/android1.png> 
</Users/xqq/Documents/work/dissertation/long/figure/chapter1/android2.png> </Us
ers/xqq/Documents/work/dissertation/long/figure/chapter1/android3.jpg> </Users/
xqq/Documents/work/dissertation/long/figure/chapter1/powerbi1_crop.pdf> </Users
/xqq/Documents/work/dissertation/long/figure/chapter1/powerbi2.png>] [12])) (/U
sers/xqq/Documents/work/dissertation/long/tex/2-shopping/2-shopping.tex [13]
Chapter 2.

Package hyperref Warning: Token not allowed in a PDF string (PDFDocEncoding):
(hyperref)                \hskip 10.00002pt
(hyperref)                replaced by space on input line 3.

[14

] <./figure/chapter3//eBay_meitu_1.jpg, id=796, 939.51pt x 420.57124pt>
File: ./figure/chapter3//eBay_meitu_1.jpg Graphic file (type jpg)
<use ./figure/chapter3//eBay_meitu_1.jpg>
Package pdftex.def Info: ./figure/chapter3//eBay_meitu_1.jpg used on input line
 19.
(pdftex.def)             Requested size: 234.87692pt x 105.14255pt.
[15 <./figure/chapter3//eBay_meitu_1.jpg>] <./figure/chapter3//refurbish.png, i
d=833, 200.75pt x 170.6375pt>
File: ./figure/chapter3//refurbish.png Graphic file (type png)
<use ./figure/chapter3//refurbish.png>
Package pdftex.def Info: ./figure/chapter3//refurbish.png used on input line 46
.
(pdftex.def)             Requested size: 100.37474pt x 85.31853pt.
[16 <./figure/chapter3//refurbish.png>]
Missing character: There is no  in font cmr10!
Missing character: There is no  in font cmr10!
[17]

LaTeX Warning: Reference `sec:firstmethod' on page 18 undefined on input line 9
3.

[18] [19] [20] [21]

Package amsmath Warning: Foreign command \atopwithdelims;
(amsmath)                \frac or \genfrac should be used instead
(amsmath)                 on input line 197.


LaTeX Warning: Reference `sec:firstmethod' on page 22 undefined on input line 2
04.

[22]
Missing character: There is no  in font cmr10!
Missing character: There is no  in font cmr10!
Missing character: There is no  in font cmr10!
LaTeX Font Info:    Try loading font information for OMS+cmr on input line 221.

(/usr/local/texlive/2016/texmf-dist/tex/latex/base/omscmr.fd
File: omscmr.fd 2014/09/29 v2.5h Standard LaTeX font definitions
)
LaTeX Font Info:    Font shape `OMS/cmr/m/n' in size <10> not available
(Font)              Font shape `OMS/cmsy/m/n' tried instead on input line 221.
[23]
Overfull \hbox (24.31606pt too wide) in paragraph at lines 227--228
[]\OT1/cmr/m/n/10 In sum-mary, the time com-plex-ity for any op-ti-miza-tion al
-go-rithm to di-rectly op-ti-mize ARR is $\OML/cmm/m/it/10 O\OT1/cmr/m/n/10 (\O
ML/cmm/m/it/10 N[]nm [] m\OT1/cmr/m/n/10 )$.
 []

[24]

LaTeX Warning: Reference `sec:percentage' on page 25 undefined on input line 24
3.


LaTeX Warning: Reference `sec:percentage' on page 25 undefined on input line 25
3.

LaTeX Font Info:    Try loading font information for U+bbm on input line 257.
(/usr/local/texlive/2016/texmf-dist/tex/latex/bbm-macros/ubbm.fd
File: ubbm.fd 1999/03/15 V 1.2 Font definition for bbm font - TH
) [25] [26]

LaTeX Warning: Reference `sec:percentage' on page 27 undefined on input line 31
7.

[27]

LaTeX Warning: Reference `sec:firstmethod' on page 28 undefined on input line 3
45.


Overfull \hbox (3.04698pt too wide) in paragraph at lines 356--356
 []|[]| 
 []


Overfull \hbox (3.04698pt too wide) in paragraph at lines 356--356
 []|[]| 
 []


Overfull \hbox (2.79735pt too wide) in paragraph at lines 358--358
 []|[]| 
 []


Overfull \hbox (27.0047pt too wide) in paragraph at lines 354--369
 [] 
 []


LaTeX Warning: `h' float specifier changed to `ht'.

[28]

LaTeX Warning: Reference `sec:firstmethod' on page 29 undefined on input line 3
87.


LaTeX Warning: Reference `sec:percentage' on page 29 undefined on input line 38
7.

[29] (./figure/chapter3/plot_cdf.tikz.tex) (/Users/xqq/Documents/work/dissertat
ion/long/./figure/chapter3/plot_c.tikz) [30] [31] [32] [33] [34]) (/Users/xqq/D
ocuments/work/dissertation/long/tex/3-runtime/3-runtime.tex [35]
Chapter 3.

Package hyperref Warning: Token not allowed in a PDF string (PDFDocEncoding):
(hyperref)                \hskip 10.00002pt
(hyperref)                replaced by space on input line 3.

<figure/chapter2/intro-fig2.png, id=1188, 497.86pt x 513.92pt>
File: figure/chapter2/intro-fig2.png Graphic file (type png)
<use figure/chapter2/intro-fig2.png>
Package pdftex.def Info: figure/chapter2/intro-fig2.png used on input line 28.
(pdftex.def)             Requested size: 211.04857pt x 217.86026pt.
LaTeX Font Info:    Try loading font information for OT1+pcr on input line 28.
(/usr/local/texlive/2016/texmf-dist/tex/latex/psnfss/ot1pcr.fd
File: ot1pcr.fd 2001/06/04 font definitions for OT1/pcr.
) <figure/chapter2/intro-fig1.jpg, id=1189, 1084.05pt x 1119.18124pt>
File: figure/chapter2/intro-fig1.jpg Graphic file (type jpg)
<use figure/chapter2/intro-fig1.jpg>
Package pdftex.def Info: figure/chapter2/intro-fig1.jpg used on input line 29.
(pdftex.def)             Requested size: 211.04857pt x 217.8723pt.
[36

] [37 </Users/xqq/Documents/work/dissertation/long/figure/chapter2/intro-fig2.p
ng> </Users/xqq/Documents/work/dissertation/long/figure/chapter2/intro-fig1.jpg
>] [38] [39] [40] [41]

LaTeX Font Warning: Font shape `OT1/cmss/m/it' in size <10> not available
(Font)              Font shape `OT1/cmss/m/sl' tried instead on input line 186.


[42] <figure/chapter2/use_mat.pdf, id=1378, 398.91724pt x 372.02425pt>
File: figure/chapter2/use_mat.pdf Graphic file (type pdf)
<use figure/chapter2/use_mat.pdf>
Package pdftex.def Info: figure/chapter2/use_mat.pdf used on input line 313.
(pdftex.def)             Requested size: 398.65286pt x 371.78491pt.
<figure/chapter2/exp_mat.pdf, id=1379, 406.5865pt x 366.18996pt>
File: figure/chapter2/exp_mat.pdf Graphic file (type pdf)
<use figure/chapter2/exp_mat.pdf>
Package pdftex.def Info: figure/chapter2/exp_mat.pdf used on input line 316.
(pdftex.def)             Requested size: 398.65286pt x 359.06485pt.

LaTeX Warning: Float too large for page by 108.51334pt on input line 319.

LaTeX Font Info:    Font shape `OT1/pcr/m/it' in size <10> not available
(Font)              Font shape `OT1/pcr/m/sl' tried instead on input line 324.
[43] [44 </Users/xqq/Documents/work/dissertation/long/figure/chapter2/use_mat.p
df> </Users/xqq/Documents/work/dissertation/long/figure/chapter2/exp_mat.pdf

pdfTeX warning: pdflatex (file /Users/xqq/Documents/work/dissertation/long/figu
re/chapter2/exp_mat.pdf): PDF inclusion: multiple pdfs with page group included
 in a single page
>] [45]
Overfull \hbox (1.85658pt too wide) in paragraph at lines 344--344
[]|\OT1/cmr/m/n/10 p| 
 []


Overfull \hbox (2.08734pt too wide) in paragraph at lines 345--345
[]|\OT1/cmr/m/n/10 .4| 
 []


Underfull \hbox (badness 10000) in paragraph at lines 345--345
[]|\OT1/cmr/m/n/10 8e-
 []


Overfull \hbox (4.07881pt too wide) in paragraph at lines 345--345
[]|\OT1/cmr/m/n/10 .6| 
 []


Underfull \hbox (badness 10000) in paragraph at lines 345--345
[]|\OT1/cmr/m/n/10 1e-
 []


Overfull \hbox (4.07881pt too wide) in paragraph at lines 345--345
[]|\OT1/cmr/m/n/10 .5| 
 []


Underfull \hbox (badness 10000) in paragraph at lines 345--345
[]|\OT1/cmr/m/n/10 6e-
 []


Overfull \hbox (4.07881pt too wide) in paragraph at lines 345--345
[]|\OT1/cmr/m/n/10 .8| 
 []


Underfull \hbox (badness 10000) in paragraph at lines 345--345
[]|\OT1/cmr/m/n/10 1e-
 []


Underfull \hbox (badness 10000) in paragraph at lines 345--345
[]|\OT1/cmr/m/n/10 -
 []


Underfull \hbox (badness 10000) in paragraph at lines 345--345
[]|\OT1/cmr/m/n/10 2e-
 []


Overfull \hbox (4.07881pt too wide) in paragraph at lines 345--345
[]|\OT1/cmr/m/n/10 .2| 
 []


Overfull \hbox (4.07881pt too wide) in paragraph at lines 345--345
[]|\OT1/cmr/m/n/10 .5| 
 []

[46] [47] [48]
Missing character: There is no , in font nullfont!
Missing character: There is no f in font nullfont!
Missing character: There is no o in font nullfont!
Missing character: There is no n in font nullfont!
Missing character: There is no t in font nullfont!
Missing character: There is no = in font nullfont!
[49] [50] [51] [52]) (/Users/xqq/Documents/work/dissertation/long/tex/4-clap/4-
clap.tex [53]
Chapter 4.

Package hyperref Warning: Token not allowed in a PDF string (PDFDocEncoding):
(hyperref)                \hskip 10.00002pt
(hyperref)                replaced by space on input line 3.

<figure/chapter2/intro-crop.pdf, id=2240, 764.45598pt x 395.71838pt>
File: figure/chapter2/intro-crop.pdf Graphic file (type pdf)
<use figure/chapter2/intro-crop.pdf>
Package pdftex.def Info: figure/chapter2/intro-crop.pdf used on input line 13.
(pdftex.def)             Requested size: 211.04857pt x 109.24858pt.
[54

] [55 </Users/xqq/Documents/work/dissertation/long/figure/chapter2/intro-crop.p
df>] [56] [57] [58] [59] [60] [61] [62] [63]
Overfull \hbox (9.40033pt too wide) in paragraph at lines 350--350
[]|\OT1/cmss/m/n/10 CONTACT| 
 []


Overfull \hbox (2.87256pt too wide) in paragraph at lines 351--351
[]|\OT1/cmss/m/n/10 RECORD| 
 []


Overfull \hbox (12.03925pt too wide) in paragraph at lines 352--352
[]|\OT1/cmss/m/n/10 LOCATION| 
 []

[64]
Overfull \hbox (3.79541pt too wide) in paragraph at lines 387--387
[]|\OT1/cmr/m/n/10 top1| 
 []


Overfull \hbox (3.79541pt too wide) in paragraph at lines 387--387
[]|\OT1/cmr/m/n/10 top3| 
 []


Overfull \hbox (3.79541pt too wide) in paragraph at lines 387--387
[]|\OT1/cmr/m/n/10 top5| 
 []


Overfull \hbox (3.79541pt too wide) in paragraph at lines 387--387
[]|\OT1/cmr/m/n/10 top1| 
 []


Overfull \hbox (3.79541pt too wide) in paragraph at lines 387--387
[]|\OT1/cmr/m/n/10 top3| 
 []


Overfull \hbox (3.79541pt too wide) in paragraph at lines 387--387
[]|\OT1/cmr/m/n/10 top5| 
 []


Overfull \hbox (3.79541pt too wide) in paragraph at lines 387--387
[]|\OT1/cmr/m/n/10 top1| 
 []


Overfull \hbox (3.79541pt too wide) in paragraph at lines 387--387
[]|\OT1/cmr/m/n/10 top3| 
 []


Overfull \hbox (3.79541pt too wide) in paragraph at lines 387--387
[]|\OT1/cmr/m/n/10 top5| 
 []


Overfull \hbox (3.79541pt too wide) in paragraph at lines 387--387
[]|\OT1/cmr/m/n/10 top1| 
 []


Overfull \hbox (3.79541pt too wide) in paragraph at lines 387--387
[]|\OT1/cmr/m/n/10 top3| 
 []


Overfull \hbox (3.79541pt too wide) in paragraph at lines 387--387
[]|\OT1/cmr/m/n/10 top5| 
 []


Overfull \hbox (3.79541pt too wide) in paragraph at lines 387--387
[]|\OT1/cmr/m/n/10 top1| 
 []


Overfull \hbox (3.79541pt too wide) in paragraph at lines 387--387
[]|\OT1/cmr/m/n/10 top3| 
 []


Overfull \hbox (3.79541pt too wide) in paragraph at lines 387--387
[]|\OT1/cmr/m/n/10 top5| 
 []


Overfull \hbox (7.12875pt too wide) in paragraph at lines 388--388
[]|\OT1/cmr/m/n/10 0.015| 
 []


Overfull \hbox (7.12875pt too wide) in paragraph at lines 388--388
[]|\OT1/cmr/m/n/10 0.015| 
 []


Overfull \hbox (7.12875pt too wide) in paragraph at lines 388--388
[]|\OT1/cmr/m/n/10 0.014| 
 []


Overfull \hbox (7.12875pt too wide) in paragraph at lines 388--388
[]|\OT1/cmr/m/n/10 0.054| 
 []


Overfull \hbox (7.12875pt too wide) in paragraph at lines 388--388
[]|\OT1/cmr/m/n/10 0.052| 
 []


Overfull \hbox (7.12875pt too wide) in paragraph at lines 388--388
[]|\OT1/cmr/m/n/10 0.054| 
 []


Overfull \hbox (11.29543pt too wide) in paragraph at lines 388--388
[]|\OT1/cmr/m/n/10 0.019$[]$| 
 []


Overfull \hbox (11.29543pt too wide) in paragraph at lines 388--388
[]|\OT1/cmr/m/n/10 0.019$[]$| 
 []


Overfull \hbox (11.29543pt too wide) in paragraph at lines 388--388
[]|\OT1/cmr/m/n/10 0.019$[]$| 
 []


Overfull \hbox (11.29543pt too wide) in paragraph at lines 388--388
[]|\OT1/cmr/m/n/10 0.065$[]$| 
 []


Overfull \hbox (11.29543pt too wide) in paragraph at lines 388--388
[]|\OT1/cmr/m/n/10 0.061$[]$| 
 []


Overfull \hbox (11.29543pt too wide) in paragraph at lines 388--388
[]|\OT1/cmr/m/n/10 0.061$[]$| 
 []


Overfull \hbox (7.12875pt too wide) in paragraph at lines 388--388
[]|\OT1/cmr/m/n/10 0.064| 
 []


Overfull \hbox (7.12875pt too wide) in paragraph at lines 388--388
[]|\OT1/cmr/m/n/10 0.069| 
 []


Overfull \hbox (7.12875pt too wide) in paragraph at lines 388--388
[]|\OT1/cmr/m/n/10 0.069| 
 []


Overfull \hbox (11.29543pt too wide) in paragraph at lines 389--389
[]|\OT1/cmr/m/n/10 0.023$[]$| 
 []


Overfull \hbox (11.29543pt too wide) in paragraph at lines 389--389
[]|\OT1/cmr/m/n/10 0.026$[]$| 
 []


Overfull \hbox (11.29543pt too wide) in paragraph at lines 389--389
[]|\OT1/cmr/m/n/10 0.026$[]$| 
 []


Overfull \hbox (10.54521pt too wide) in paragraph at lines 389--389
[]|\OT1/cmr/bx/n/10 0.092| 
 []


Overfull \hbox (11.29543pt too wide) in paragraph at lines 389--389
[]|\OT1/cmr/m/n/10 0.087$[]$| 
 []


Overfull \hbox (11.29543pt too wide) in paragraph at lines 389--389
[]|\OT1/cmr/m/n/10 0.086$[]$| 
 []


Overfull \hbox (7.12875pt too wide) in paragraph at lines 389--389
[]|\OT1/cmr/m/n/10 0.058| 
 []


Overfull \hbox (7.12875pt too wide) in paragraph at lines 389--389
[]|\OT1/cmr/m/n/10 0.059| 
 []


Overfull \hbox (7.12875pt too wide) in paragraph at lines 389--389
[]|\OT1/cmr/m/n/10 0.055| 
 []


Overfull \hbox (11.29543pt too wide) in paragraph at lines 389--389
[]|\OT1/cmr/m/n/10 0.118$[]$| 
 []


Overfull \hbox (11.29543pt too wide) in paragraph at lines 389--389
[]|\OT1/cmr/m/n/10 0.107$[]$| 
 []


Overfull \hbox (11.29543pt too wide) in paragraph at lines 389--389
[]|\OT1/cmr/m/n/10 0.108$[]$| 
 []


Overfull \hbox (7.12875pt too wide) in paragraph at lines 390--390
[]|\OT1/cmr/m/n/10 0.013| 
 []


Overfull \hbox (7.12875pt too wide) in paragraph at lines 390--390
[]|\OT1/cmr/m/n/10 0.008| 
 []


Overfull \hbox (7.12875pt too wide) in paragraph at lines 390--390
[]|\OT1/cmr/m/n/10 0.008| 
 []


Overfull \hbox (7.12875pt too wide) in paragraph at lines 390--390
[]|\OT1/cmr/m/n/10 0.042| 
 []


Overfull \hbox (7.12875pt too wide) in paragraph at lines 390--390
[]|\OT1/cmr/m/n/10 0.044| 
 []


Overfull \hbox (7.12875pt too wide) in paragraph at lines 390--390
[]|\OT1/cmr/m/n/10 0.043| 
 []


Overfull \hbox (7.12875pt too wide) in paragraph at lines 390--390
[]|\OT1/cmr/m/n/10 0.014| 
 []


Overfull \hbox (7.12875pt too wide) in paragraph at lines 390--390
[]|\OT1/cmr/m/n/10 0.012| 
 []


Overfull \hbox (7.12875pt too wide) in paragraph at lines 390--390
[]|\OT1/cmr/m/n/10 0.012| 
 []


Overfull \hbox (7.12875pt too wide) in paragraph at lines 390--390
[]|\OT1/cmr/m/n/10 0.042| 
 []


Overfull \hbox (7.12875pt too wide) in paragraph at lines 390--390
[]|\OT1/cmr/m/n/10 0.037| 
 []


Overfull \hbox (7.12875pt too wide) in paragraph at lines 390--390
[]|\OT1/cmr/m/n/10 0.043| 
 []


Overfull \hbox (7.12875pt too wide) in paragraph at lines 390--390
[]|\OT1/cmr/m/n/10 0.090| 
 []


Overfull \hbox (7.12875pt too wide) in paragraph at lines 390--390
[]|\OT1/cmr/m/n/10 0.082| 
 []


Overfull \hbox (7.12875pt too wide) in paragraph at lines 390--390
[]|\OT1/cmr/m/n/10 0.084| 
 []


Overfull \hbox (10.54521pt too wide) in paragraph at lines 391--391
[]|\OT1/cmr/bx/n/10 0.032| 
 []


Overfull \hbox (10.54521pt too wide) in paragraph at lines 391--391
[]|\OT1/cmr/bx/n/10 0.036| 
 []


Overfull \hbox (10.54521pt too wide) in paragraph at lines 391--391
[]|\OT1/cmr/bx/n/10 0.037| 
 []


Overfull \hbox (11.29543pt too wide) in paragraph at lines 391--391
[]|\OT1/cmr/m/n/10 0.091$[]$| 
 []


Overfull \hbox (10.54521pt too wide) in paragraph at lines 391--391
[]|\OT1/cmr/bx/n/10 0.105| 
 []


Overfull \hbox (10.54521pt too wide) in paragraph at lines 391--391
[]|\OT1/cmr/bx/n/10 0.103| 
 []


Overfull \hbox (10.54521pt too wide) in paragraph at lines 391--391
[]|\OT1/cmr/bx/n/10 0.027| 
 []


Overfull \hbox (10.54521pt too wide) in paragraph at lines 391--391
[]|\OT1/cmr/bx/n/10 0.025| 
 []


Overfull \hbox (10.54521pt too wide) in paragraph at lines 391--391
[]|\OT1/cmr/bx/n/10 0.023| 
 []


Overfull \hbox (10.54521pt too wide) in paragraph at lines 391--391
[]|\OT1/cmr/bx/n/10 0.186| 
 []


Overfull \hbox (10.54521pt too wide) in paragraph at lines 391--391
[]|\OT1/cmr/bx/n/10 0.170| 
 []


Overfull \hbox (10.54521pt too wide) in paragraph at lines 391--391
[]|\OT1/cmr/bx/n/10 0.152| 
 []


Overfull \hbox (10.54521pt too wide) in paragraph at lines 391--391
[]|\OT1/cmr/bx/n/10 0.133| 
 []


Overfull \hbox (10.54521pt too wide) in paragraph at lines 391--391
[]|\OT1/cmr/bx/n/10 0.147| 
 []


Overfull \hbox (10.54521pt too wide) in paragraph at lines 391--391
[]|\OT1/cmr/bx/n/10 0.129| 
 []


Overfull \hbox (2.12874pt too wide) in paragraph at lines 392--392
[]|\OT1/cmr/m/n/10 0.18| 
 []


Overfull \hbox (2.12874pt too wide) in paragraph at lines 392--392
[]|\OT1/cmr/m/n/10 0.07| 
 []


Overfull \hbox (4.79524pt too wide) in paragraph at lines 392--392
[]|\OT1/cmr/bx/n/10 0.03| 
 []


Overfull \hbox (2.12874pt too wide) in paragraph at lines 392--392
[]|\OT1/cmr/m/n/10 0.16| 
 []


Overfull \hbox (2.12874pt too wide) in paragraph at lines 392--392
[]|\OT1/cmr/m/n/10 0.15| 
 []


Overfull \hbox (4.79524pt too wide) in paragraph at lines 392--392
[]|\OT1/cmr/bx/n/10 0.04| 
 []


Overfull \hbox (4.79524pt too wide) in paragraph at lines 392--392
[]|\OT1/cmr/bx/n/10 0.03| 
 []


Overfull \hbox (4.79524pt too wide) in paragraph at lines 392--392
[]|\OT1/cmr/bx/n/10 0.03| 
 []


Underfull \hbox (badness 10000) in paragraph at lines 392--392
[]|\OT1/cmr/bx/n/10 6e-
 []


Underfull \hbox (badness 10000) in paragraph at lines 392--392
[]|\OT1/cmr/bx/n/10 7e-
 []


Underfull \hbox (badness 10000) in paragraph at lines 392--392
[]|\OT1/cmr/bx/n/10 1e-
 []


Overfull \hbox (7.12875pt too wide) in paragraph at lines 392--392
[]|\OT1/cmr/m/n/10 0.065| 
 []


Overfull \hbox (2.12874pt too wide) in paragraph at lines 392--392
[]|\OT1/cmr/m/n/10 0.06| 
 []


Overfull \hbox (2.12874pt too wide) in paragraph at lines 392--392
[]|\OT1/cmr/m/n/10 0.27| 
 []


Overfull \hbox (7.12875pt too wide) in paragraph at lines 393--393
[]|\OT1/cmr/m/n/10 0.012| 
 []


Overfull \hbox (7.12875pt too wide) in paragraph at lines 393--393
[]|\OT1/cmr/m/n/10 0.013| 
 []


Overfull \hbox (7.12875pt too wide) in paragraph at lines 393--393
[]|\OT1/cmr/m/n/10 0.012| 
 []


Overfull \hbox (7.12875pt too wide) in paragraph at lines 393--393
[]|\OT1/cmr/m/n/10 0.041| 
 []


Overfull \hbox (7.12875pt too wide) in paragraph at lines 393--393
[]|\OT1/cmr/m/n/10 0.040| 
 []


Overfull \hbox (7.12875pt too wide) in paragraph at lines 393--393
[]|\OT1/cmr/m/n/10 0.040| 
 []


Overfull \hbox (11.29543pt too wide) in paragraph at lines 393--393
[]|\OT1/cmr/m/n/10 0.014$[]$| 
 []


Overfull \hbox (11.29543pt too wide) in paragraph at lines 393--393
[]|\OT1/cmr/m/n/10 0.014$[]$| 
 []


Overfull \hbox (11.29543pt too wide) in paragraph at lines 393--393
[]|\OT1/cmr/m/n/10 0.014$[]$| 
 []


Overfull \hbox (11.29543pt too wide) in paragraph at lines 393--393
[]|\OT1/cmr/m/n/10 0.040$[]$| 
 []


Overfull \hbox (11.29543pt too wide) in paragraph at lines 393--393
[]|\OT1/cmr/m/n/10 0.040$[]$| 
 []


Overfull \hbox (11.29543pt too wide) in paragraph at lines 393--393
[]|\OT1/cmr/m/n/10 0.039$[]$| 
 []


Overfull \hbox (7.12875pt too wide) in paragraph at lines 393--393
[]|\OT1/cmr/m/n/10 0.033| 
 []


Overfull \hbox (7.12875pt too wide) in paragraph at lines 393--393
[]|\OT1/cmr/m/n/10 0.040| 
 []


Overfull \hbox (7.12875pt too wide) in paragraph at lines 393--393
[]|\OT1/cmr/m/n/10 0.040| 
 []


Overfull \hbox (11.29543pt too wide) in paragraph at lines 394--394
[]|\OT1/cmr/m/n/10 0.016$[]$| 
 []


Overfull \hbox (11.29543pt too wide) in paragraph at lines 394--394
[]|\OT1/cmr/m/n/10 0.018$[]$| 
 []


Overfull \hbox (11.29543pt too wide) in paragraph at lines 394--394
[]|\OT1/cmr/m/n/10 0.019$[]$| 
 []


Overfull \hbox (11.29543pt too wide) in paragraph at lines 394--394
[]|\OT1/cmr/m/n/10 0.061$[]$| 
 []


Overfull \hbox (11.29543pt too wide) in paragraph at lines 394--394
[]|\OT1/cmr/m/n/10 0.060$[]$| 
 []


Overfull \hbox (11.29543pt too wide) in paragraph at lines 394--394
[]|\OT1/cmr/m/n/10 0.060$[]$| 
 []


Overfull \hbox (7.12875pt too wide) in paragraph at lines 394--394
[]|\OT1/cmr/m/n/10 0.038| 
 []


Overfull \hbox (7.12875pt too wide) in paragraph at lines 394--394
[]|\OT1/cmr/m/n/10 0.039| 
 []


Overfull \hbox (7.12875pt too wide) in paragraph at lines 394--394
[]|\OT1/cmr/m/n/10 0.036| 
 []


Overfull \hbox (11.29543pt too wide) in paragraph at lines 394--394
[]|\OT1/cmr/m/n/10 0.056$[]$| 
 []


Overfull \hbox (11.29543pt too wide) in paragraph at lines 394--394
[]|\OT1/cmr/m/n/10 0.051$[]$| 
 []


Overfull \hbox (11.29543pt too wide) in paragraph at lines 394--394
[]|\OT1/cmr/m/n/10 0.050$[]$| 
 []


Overfull \hbox (7.12875pt too wide) in paragraph at lines 395--395
[]|\OT1/cmr/m/n/10 0.012| 
 []


Overfull \hbox (7.12875pt too wide) in paragraph at lines 395--395
[]|\OT1/cmr/m/n/10 0.010| 
 []


Overfull \hbox (7.12875pt too wide) in paragraph at lines 395--395
[]|\OT1/cmr/m/n/10 0.010| 
 []


Overfull \hbox (7.12875pt too wide) in paragraph at lines 395--395
[]|\OT1/cmr/m/n/10 0.039| 
 []


Overfull \hbox (7.12875pt too wide) in paragraph at lines 395--395
[]|\OT1/cmr/m/n/10 0.035| 
 []


Overfull \hbox (7.12875pt too wide) in paragraph at lines 395--395
[]|\OT1/cmr/m/n/10 0.038| 
 []


Overfull \hbox (7.12875pt too wide) in paragraph at lines 395--395
[]|\OT1/cmr/m/n/10 0.010| 
 []


Overfull \hbox (7.12875pt too wide) in paragraph at lines 395--395
[]|\OT1/cmr/m/n/10 0.010| 
 []


Overfull \hbox (7.12875pt too wide) in paragraph at lines 395--395
[]|\OT1/cmr/m/n/10 0.010| 
 []


Overfull \hbox (7.12875pt too wide) in paragraph at lines 395--395
[]|\OT1/cmr/m/n/10 0.025| 
 []


Overfull \hbox (7.12875pt too wide) in paragraph at lines 395--395
[]|\OT1/cmr/m/n/10 0.027| 
 []


Overfull \hbox (7.12875pt too wide) in paragraph at lines 395--395
[]|\OT1/cmr/m/n/10 0.031| 
 []


Overfull \hbox (7.12875pt too wide) in paragraph at lines 395--395
[]|\OT1/cmr/m/n/10 0.045| 
 []


Overfull \hbox (7.12875pt too wide) in paragraph at lines 395--395
[]|\OT1/cmr/m/n/10 0.041| 
 []


Overfull \hbox (7.12875pt too wide) in paragraph at lines 395--395
[]|\OT1/cmr/m/n/10 0.043| 
 []


Overfull \hbox (10.54521pt too wide) in paragraph at lines 396--396
[]|\OT1/cmr/bx/n/10 0.031| 
 []


Overfull \hbox (10.54521pt too wide) in paragraph at lines 396--396
[]|\OT1/cmr/bx/n/10 0.033| 
 []


Overfull \hbox (10.54521pt too wide) in paragraph at lines 396--396
[]|\OT1/cmr/bx/n/10 0.033| 
 []


Overfull \hbox (10.54521pt too wide) in paragraph at lines 396--396
[]|\OT1/cmr/bx/n/10 0.079| 
 []


Overfull \hbox (10.54521pt too wide) in paragraph at lines 396--396
[]|\OT1/cmr/bx/n/10 0.084| 
 []


Overfull \hbox (10.54521pt too wide) in paragraph at lines 396--396
[]|\OT1/cmr/bx/n/10 0.081| 
 []


Overfull \hbox (10.54521pt too wide) in paragraph at lines 396--396
[]|\OT1/cmr/bx/n/10 0.025| 
 []


Overfull \hbox (10.54521pt too wide) in paragraph at lines 396--396
[]|\OT1/cmr/bx/n/10 0.023| 
 []


Overfull \hbox (10.54521pt too wide) in paragraph at lines 396--396
[]|\OT1/cmr/bx/n/10 0.021| 
 []


Overfull \hbox (10.54521pt too wide) in paragraph at lines 396--396
[]|\OT1/cmr/bx/n/10 0.114| 
 []


Overfull \hbox (10.54521pt too wide) in paragraph at lines 396--396
[]|\OT1/cmr/bx/n/10 0.107| 
 []


Overfull \hbox (10.54521pt too wide) in paragraph at lines 396--396
[]|\OT1/cmr/bx/n/10 0.097| 
 []


Overfull \hbox (10.54521pt too wide) in paragraph at lines 396--396
[]|\OT1/cmr/bx/n/10 0.070| 
 []


Overfull \hbox (10.54521pt too wide) in paragraph at lines 396--396
[]|\OT1/cmr/bx/n/10 0.076| 
 []


Overfull \hbox (10.54521pt too wide) in paragraph at lines 396--396
[]|\OT1/cmr/bx/n/10 0.068| 
 []


Underfull \hbox (badness 10000) in paragraph at lines 397--397
[]|\OT1/cmr/bx/n/10 3e-
 []


Underfull \hbox (badness 10000) in paragraph at lines 397--397
[]|\OT1/cmr/bx/n/10 2e-
 []


Underfull \hbox (badness 10000) in paragraph at lines 397--397
[]|\OT1/cmr/bx/n/10 5e-
 []


Overfull \hbox (2.12874pt too wide) in paragraph at lines 397--397
[]|\OT1/cmr/m/n/10 0.11| 
 []


Underfull \hbox (badness 10000) in paragraph at lines 397--397
[]|\OT1/cmr/bx/n/10 9e-
 []


Underfull \hbox (badness 10000) in paragraph at lines 397--397
[]|\OT1/cmr/bx/n/10 9e-
 []


Underfull \hbox (badness 10000) in paragraph at lines 397--397
[]|\OT1/cmr/bx/n/10 6e-
 []


Underfull \hbox (badness 10000) in paragraph at lines 397--397
[]|\OT1/cmr/bx/n/10 3e-
 []


Underfull \hbox (badness 10000) in paragraph at lines 397--397
[]|\OT1/cmr/bx/n/10 5e-
 []


Underfull \hbox (badness 10000) in paragraph at lines 397--397
[]|\OT1/cmr/bx/n/10 1e-
 []


Underfull \hbox (badness 10000) in paragraph at lines 397--397
[]|\OT1/cmr/bx/n/10 5e-
 []


Underfull \hbox (badness 10000) in paragraph at lines 397--397
[]|\OT1/cmr/bx/n/10 2e-
 []


Overfull \hbox (2.12874pt too wide) in paragraph at lines 397--397
[]|\OT1/cmr/m/n/10 0.28| 
 []


Underfull \hbox (badness 10000) in paragraph at lines 397--397
[]|\OT1/cmr/bx/n/10 4e-
 []


Overfull \hbox (4.79524pt too wide) in paragraph at lines 397--397
[]|\OT1/cmr/bx/n/10 0.02| 
 []


Overfull \hbox (39.35304pt too wide) in paragraph at lines 384--399
 [] 
 []


LaTeX Warning: `h' float specifier changed to `ht'.

[65] [66] [67] [68]
Overfull \hbox (7.88213pt too wide) in paragraph at lines 484--484
[]|\OT1/cmss/m/n/10 CONTACT$[]$| 
 []


Overfull \hbox (1.35435pt too wide) in paragraph at lines 485--485
[]|\OT1/cmss/m/n/10 RECORD$[]$| 
 []


Overfull \hbox (10.52104pt too wide) in paragraph at lines 486--486
[]|\OT1/cmss/m/n/10 LOCATION$[]$| 
 []


LaTeX Warning: Overwriting file `./datax.dat'.

\openout15 = `datax.dat'.


PGFPlots: reading {datax.dat}
PGFPlots: reading {datax.dat}
PGFPlots: reading {datax.dat}
Missing character: There is no , in font nullfont!
Missing character: There is no f in font nullfont!
Missing character: There is no o in font nullfont!
Missing character: There is no n in font nullfont!
Missing character: There is no t in font nullfont!
Missing character: There is no = in font nullfont!

Overfull \hbox (85.4342pt too wide) in paragraph at lines 512--527
[]|  [] 
 []


Overfull \hbox (18.29733pt too wide) in paragraph at lines 541--541
[]|$\OML/cmm/m/it/10 votes\OT1/cmr/m/n/10 (\OML/cmm/m/it/10 w\OT1/cmr/m/n/10 )$
| 
 []


Overfull \hbox (7.06918pt too wide) in paragraph at lines 542--545
[]|$[]$| 
 []


Underfull \hbox (badness 1142) in paragraph at lines 550--551
\OT1/cmr/m/n/10 friends and \OT1/cmr/bx/n/10 love\OT1/cmr/m/n/10 d ones so you
 []


Underfull \hbox (badness 1231) in paragraph at lines 559--560
[]\OT1/cmr/m/n/10 to \OT1/cmr/bx/n/10 send \OT1/cmr/m/n/10 a sched-uled \OT1/cm
r/bx/n/10 mes-sage \OT1/cmr/m/n/10 (
 []


Underfull \hbox (badness 3954) in paragraph at lines 562--563
[]\OT1/cmr/m/n/10 randomly \OT1/cmr/bx/n/10 se-lect\OT1/cmr/m/n/10 s a \OT1/cmr
/bx/n/10 mes-sage \OT1/cmr/m/n/10 (
 []


Overfull \hbox (26.98602pt too wide) in paragraph at lines 566--569
[]|$[]$| 
 []


Overfull \hbox (7.06918pt too wide) in paragraph at lines 570--572
[]|$[]$| 
 []


Underfull \hbox (badness 1365) in paragraph at lines 577--578
\OT1/cmr/m/n/10 u-men-ta-tion ap-pli-ca-tion that al-
 []


Overfull \hbox (26.98602pt too wide) in paragraph at lines 592--594
[]|$[]$| 
 []


Underfull \hbox (badness 10000) in paragraph at lines 596--597
[]
 []


Overfull \hbox (14.83322pt too wide) in paragraph at lines 596--597
[] 
 []


Overfull \hbox (7.06918pt too wide) in paragraph at lines 595--597
[]|$[]$| 
 []


Underfull \hbox (badness 1043) in paragraph at lines 602--603
\OT1/cmr/m/n/10 ment made easy, \OT1/cmr/bx/n/10 shop \OT1/cmr/m/n/10 de-part-
 []


Underfull \hbox (badness 1231) in paragraph at lines 603--604
[]\OT1/cmr/m/it/10 ground truth\OT1/cmr/m/n/10 : to pro-vide lo-cal
 []


Overfull \hbox (26.98602pt too wide) in paragraph at lines 615--617
[]|$[]$| 
 []


Overfull \hbox (74.81003pt too wide) in paragraph at lines 539--620
 [][] 
 []

[69] [70] [71] [72] [73]) (/Users/xqq/Documents/work/dissertation/long/tex/5-nl
2sql/5-nl2sql.tex [74]
Chapter 5.

Package hyperref Warning: Token not allowed in a PDF string (PDFDocEncoding):
(hyperref)                \hskip 10.00002pt
(hyperref)                replaced by space on input line 3.

File: figure/chapter1/powerbi1_crop.pdf Graphic file (type pdf)
<use figure/chapter1/powerbi1_crop.pdf>
Package pdftex.def Info: figure/chapter1/powerbi1_crop.pdf used on input line 1
6.
(pdftex.def)             Requested size: 234.5pt x 129.98029pt.

LaTeX Warning: `h' float specifier changed to `ht'.

[75

] [76]
Overfull \hbox (37.30556pt too wide) in paragraph at lines 33--34
\OT1/cmtt/m/n/10 JOIN has[]pet AS T2 ON T1.stuid = T2.stuid JOIN pets AS T3 ON 
T3.petid = T2.petid WHERE T3.pet[]age
 []

[77]

LaTeX Warning: Reference `sec:study' on page 78 undefined on input line 49.

(/Users/xqq/Documents/work/dissertation/long/tex/5-nl2sql/5-relwork.tex [78] [7
9]) (/Users/xqq/Documents/work/dissertation/long/tex/5-nl2sql/5-rule.tex [80] [
81]) (/Users/xqq/Documents/work/dissertation/long/tex/5-nl2sql/5-exp.tex [82]) 
(/Users/xqq/Documents/work/dissertation/long/tex/5-nl2sql/5-rq3.tex [83])) (/Us
ers/xqq/Documents/work/dissertation/long/tex/6-conclusion/6-conclusion.tex [84]
[85]
Chapter 6.

Package hyperref Warning: Token not allowed in a PDF string (PDFDocEncoding):
(hyperref)                \hskip 10.00002pt
(hyperref)                replaced by space on input line 3.

[86

] [87] [88]) [89] [90]
\openout2 = `Appendix.tex.aux'.

No file Appendix.tex.tex.
(/Users/xqq/Documents/work/dissertation/long/thesis-ex.bbl
Underfull \hbox (badness 10000) in paragraph at lines 4--8
[]\OT1/cmr/m/n/10 AlarmMon app.  [][]$\OT1/cmtt/m/n/10 https : / / play . googl
e . com / store / apps / details ? id = com . malangstudio .
 []


Underfull \hbox (badness 10000) in paragraph at lines 26--30
[]\OT1/cmr/m/n/10 How many phones are in the world?  [][]$\OT1/cmtt/m/n/10 http
s : / / www . bankmycell . com / blog /
 []


Underfull \hbox (badness 10000) in paragraph at lines 32--36
[]\OT1/cmr/m/n/10 Inverse doc-u-ment fre-quency.  [][]$\OT1/cmtt/m/n/10 https :
 / / nlp . stanford . edu / IR-[]book / html / htmledition /
 []


Underfull \hbox (badness 4595) in paragraph at lines 53--57
[]\OT1/cmr/m/n/10 Python T-test.  [][]$\OT1/cmtt/m/n/10 https : / / docs . scip
y . org / doc / scipy-[]0 . 19 . 0 / reference / generated / scipy .
 []


Underfull \hbox (badness 10000) in paragraph at lines 64--67
[]\OT1/cmr/m/n/10 Runtime per-mis-sion ra-tio-nale project web-site.  [][]$\OT1
/cmtt/m/n/10 https : / / sites . google . com / view /
 []


Underfull \hbox (badness 3657) in paragraph at lines 69--72
[]\OT1/cmr/m/n/10 Set up for ge-ofence mon-i-tor-ing.  [][]$\OT1/cmtt/m/n/10 ht
tps : / / developer . android . com / training / location /
 []


Underfull \hbox (badness 10000) in paragraph at lines 80--85
[]\OT1/cmr/m/n/10 Stack Over-flow: How do I get the cur-rent GPS lo-ca-tion pro
-gram-
 []


Underfull \hbox (badness 10000) in paragraph at lines 80--85
\OT1/cmr/m/n/10 mat-i-cally in An-droid?  [][]$\OT1/cmtt/m/n/10 https : / / sta
ckoverflow . com / questions / 1513485 /
 []


Underfull \hbox (badness 1953) in paragraph at lines 80--85
\OT1/cmtt/m/n/10 how-[]do-[]i-[]get-[]the-[]current-[]gps-[]location-[]programm
atically-[]in-[]android$[][]\OT1/cmr/m/n/10 .  Ac-cessed: 2018-06-
 []


Underfull \hbox (badness 1424) in paragraph at lines 102--107
[]\OT1/cmr/m/n/10 (2018).  An-droid per-mis-sion groups.  [][]$\OT1/cmtt/m/n/10
 https : / / developer . android . com / guide / topics /
 []

[91




]
Underfull \hbox (badness 3701) in paragraph at lines 115--119
[]\OT1/cmr/m/n/10 (2018).  Pear-son cor-re-la-tion co-ef-fi-cient.  [][]$\OT1/c
mtt/m/n/10 https : / / en . wikipedia . org / wiki / Pearson _
 []


Underfull \hbox (badness 10000) in paragraph at lines 121--126
[]\OT1/cmr/m/n/10 (2018).  Should show re-quest per-mis-sion ra-tio-nale API.  
[][]$\OT1/cmtt/m/n/10 https :
 []


Underfull \hbox (badness 10000) in paragraph at lines 121--126
\OT1/cmtt/m/n/10 / / developer . android . com / reference / android / support 
/ v4 / app / ActivityCompat #
 []


Underfull \hbox (badness 3029) in paragraph at lines 121--126
\OT1/cmtt/m/n/10 shouldShowRequestPermissionRationale(android . app . Activity 
,[] java . lang . String)$[][]\OT1/cmr/m/n/10 .  Ac-cessed:
 []

Missing character: There is no  in font cmr10!
Missing character: There is no  in font cmr10!
[92] [93] [94]
Missing character: There is no  in font cmr10!
Missing character: There is no  in font cmr10!
Missing character: There is no  in font cmr10!
Missing character: There is no  in font cmr10!
[95]
Missing character: There is no  in font cmr10!
Missing character: There is no  in font cmr10!
Missing character: There is no  in font cmr10!
[96] [97]
Missing character: There is no  in font cmr10!
Missing character: There is no  in font cmr10!
[98] [99]) [100]
Package atveryend Info: Empty hook `BeforeClearDocument' on input line 164.
Package atveryend Info: Empty hook `AfterLastShipout' on input line 164.
(/Users/xqq/Documents/work/dissertation/long/thesis-ex.aux (/Users/xqq/Document
s/work/dissertation/long/Appendix.tex.aux))
Package atveryend Info: Executing hook `AtVeryEndDocument' on input line 164.
Package atveryend Info: Executing hook `AtEndAfterFileList' on input line 164.
Package rerunfilecheck Info: File `thesis-ex.out' has not changed.
(rerunfilecheck)             Checksum: 72A9B8B9E183BE1F93EECA03E68F2984;6777.

LaTeX Warning: There were undefined references.


LaTeX Warning: There were multiply-defined labels.

Package atveryend Info: Empty hook `AtVeryVeryEnd' on input line 164.
 )
(\end occurred inside a group at level 1)

### simple group (level 1) entered at line 1061 ({)
### bottom level 
Here is how much of TeX's memory you used:
 32766 strings out of 493013
 755812 string characters out of 6133343
 1384208 words of memory out of 5000000
 35127 multiletter control sequences out of 15000+600000
 20363 words of font info for 80 fonts, out of 8000000 for 9000
 1141 hyphenation exceptions out of 8191
 63i,22n,107p,25139b,4521s stack positions out of 5000i,500n,10000p,200000b,80000s
{/usr/local/texlive/2016/texmf-dist/fonts/enc/dvips/base/8r.enc
} </Users/xqq/Library/texlive/2016/texmf-var/fonts/pk/ljfour/public/bbm/bbm10.6
00pk>{/usr/local/texlive/2016/texmf-dist/fonts/enc/dvips/cm-super/cm-super-ts1.
enc}</usr/local/texlive/2016/texmf-dist/fonts/type1/public/amsfonts/cm/cmbx10.p
fb></usr/local/texlive/2016/texmf-dist/fonts/type1/public/amsfonts/cm/cmbx12.pf
b></usr/local/texlive/2016/texmf-dist/fonts/type1/public/amsfonts/cm/cmbx7.pfb>
</usr/local/texlive/2016/texmf-dist/fonts/type1/public/amsfonts/cm/cmbx8.pfb></
usr/local/texlive/2016/texmf-dist/fonts/type1/public/amsfonts/cm/cmbxti10.pfb><
/usr/local/texlive/2016/texmf-dist/fonts/type1/public/amsfonts/cm/cmex10.pfb></
usr/local/texlive/2016/texmf-dist/fonts/type1/public/amsfonts/cm/cmmi10.pfb></u
sr/local/texlive/2016/texmf-dist/fonts/type1/public/amsfonts/cm/cmmi12.pfb></us
r/local/texlive/2016/texmf-dist/fonts/type1/public/amsfonts/cm/cmmi5.pfb></usr/
local/texlive/2016/texmf-dist/fonts/type1/public/amsfonts/cm/cmmi6.pfb></usr/lo
cal/texlive/2016/texmf-dist/fonts/type1/public/amsfonts/cm/cmmi7.pfb></usr/loca
l/texlive/2016/texmf-dist/fonts/type1/public/amsfonts/cm/cmmi8.pfb></usr/local/
texlive/2016/texmf-dist/fonts/type1/public/amsfonts/cm/cmr10.pfb></usr/local/te
xlive/2016/texmf-dist/fonts/type1/public/amsfonts/cm/cmr12.pfb></usr/local/texl
ive/2016/texmf-dist/fonts/type1/public/amsfonts/cm/cmr5.pfb></usr/local/texlive
/2016/texmf-dist/fonts/type1/public/amsfonts/cm/cmr6.pfb></usr/local/texlive/20
16/texmf-dist/fonts/type1/public/amsfonts/cm/cmr7.pfb></usr/local/texlive/2016/
texmf-dist/fonts/type1/public/amsfonts/cm/cmr8.pfb></usr/local/texlive/2016/tex
mf-dist/fonts/type1/public/amsfonts/cm/cmr9.pfb></usr/local/texlive/2016/texmf-
dist/fonts/type1/public/amsfonts/cm/cmss10.pfb></usr/local/texlive/2016/texmf-d
ist/fonts/type1/public/amsfonts/cm/cmss8.pfb></usr/local/texlive/2016/texmf-dis
t/fonts/type1/public/amsfonts/cm/cmssi10.pfb></usr/local/texlive/2016/texmf-dis
t/fonts/type1/public/amsfonts/cm/cmsy10.pfb></usr/local/texlive/2016/texmf-dist
/fonts/type1/public/amsfonts/cm/cmsy5.pfb></usr/local/texlive/2016/texmf-dist/f
onts/type1/public/amsfonts/cm/cmsy7.pfb></usr/local/texlive/2016/texmf-dist/fon
ts/type1/public/amsfonts/cm/cmsy8.pfb></usr/local/texlive/2016/texmf-dist/fonts
/type1/public/amsfonts/cm/cmti10.pfb></usr/local/texlive/2016/texmf-dist/fonts/
type1/public/amsfonts/cm/cmti8.pfb></usr/local/texlive/2016/texmf-dist/fonts/ty
pe1/public/amsfonts/cm/cmtt10.pfb></usr/local/texlive/2016/texmf-dist/fonts/typ
e1/public/amsfonts/cm/cmtt8.pfb></usr/local/texlive/2016/texmf-dist/fonts/type1
/public/amsfonts/symbols/msbm10.pfb></usr/local/texlive/2016/texmf-dist/fonts/t
ype1/public/amsfonts/symbols/msbm7.pfb></usr/local/texlive/2016/texmf-dist/font
s/type1/public/cm-super/sfrm1000.pfb></usr/local/texlive/2016/texmf-dist/fonts/
type1/urw/courier/ucrr8a.pfb></usr/local/texlive/2016/texmf-dist/fonts/type1/ur
w/courier/ucrro8a.pfb>
Output written on /Users/xqq/Documents/work/dissertation/long/thesis-ex.pdf (10
9 pages, 2658120 bytes).
PDF statistics:
 3052 PDF objects out of 3580 (max. 8388607)
 2090 compressed objects within 21 object streams
 502 named destinations out of 1000 (max. 500000)
 797 words of extra memory for PDF output out of 10000 (max. 10000000)

